

================================================================
== Vivado HLS Report for 'tanh'
================================================================
* Date:           Fri Nov 25 11:49:16 2022

* Version:        2019.2 (Build 2704478 on Wed Nov 06 22:10:23 MST 2019)
* Project:        LSTM
* Solution:       solution1
* Product family: zynq
* Target device:  xc7z020-clg400-1


================================================================
== Performance Estimates
================================================================
+ Timing: 
    * Summary: 
    +--------+----------+----------+------------+
    |  Clock |  Target  | Estimated| Uncertainty|
    +--------+----------+----------+------------+
    |ap_clk  | 10.00 ns | 8.683 ns |   1.25 ns  |
    +--------+----------+----------+------------+

+ Latency: 
    * Summary: 
    +---------+---------+----------+----------+-----+-----+---------+
    |  Latency (cycles) |  Latency (absolute) |  Interval | Pipeline|
    |   min   |   max   |    min   |    max   | min | max |   Type  |
    +---------+---------+----------+----------+-----+-----+---------+
    |       91|       91| 0.910 us | 0.910 us |   91|   91|   none  |
    +---------+---------+----------+----------+-----+-----+---------+

    + Detail: 
        * Instance: 
        N/A

        * Loop: 
        +----------+---------+---------+----------+-----------+-----------+------+----------+
        |          |  Latency (cycles) | Iteration|  Initiation Interval  | Trip |          |
        | Loop Name|   min   |   max   |  Latency |  achieved |   target  | Count| Pipelined|
        +----------+---------+---------+----------+-----------+-----------+------+----------+
        |- i_loop  |       89|       89|        59|          1|          1|    32|    yes   |
        +----------+---------+---------+----------+-----------+-----------+------+----------+

============================================================
+ Verbose Summary: Synthesis Manager
============================================================
InlineROM: 1
ExposeGlobal: 0
============================================================
+ Verbose Summary: CDFG Model
============================================================
IsTopModel: 0
ResetActiveHigh: 1
IsCombinational: 0
IsDatapathOnly: 0
HasWiredReturn: 1
HasMFsm: 0
HasVarLatency: 1
IsPipeline: 0
IsRtlPipelined: 0
IsInstanceOverlapped: 0
IsDontTouch: 0
HasImplIP: 0
IsGatedGlobalClock: 0

+ Individual pipeline summary: 
  * Pipeline-0: initiation interval (II) = 1, depth = 59


============================================================
+ Verbose Summary: Schedule
============================================================
* Number of FSM states : 61
* Pipeline : 1
  Pipeline-0 : II = 1, D = 59, States = { 2 3 4 5 6 7 8 9 10 11 12 13 14 15 16 17 18 19 20 21 22 23 24 25 26 27 28 29 30 31 32 33 34 35 36 37 38 39 40 41 42 43 44 45 46 47 48 49 50 51 52 53 54 55 56 57 58 59 60 }
* Dataflow Pipeline: 0

* FSM state transitions: 
1 --> 2 
2 --> 61 3 
3 --> 4 
4 --> 5 
5 --> 6 
6 --> 7 
7 --> 8 
8 --> 9 
9 --> 10 
10 --> 11 
11 --> 12 
12 --> 13 
13 --> 14 
14 --> 15 
15 --> 16 
16 --> 17 
17 --> 18 
18 --> 19 
19 --> 20 
20 --> 21 
21 --> 22 
22 --> 23 
23 --> 24 
24 --> 25 
25 --> 26 
26 --> 27 
27 --> 28 
28 --> 29 
29 --> 30 
30 --> 31 
31 --> 32 
32 --> 33 
33 --> 34 
34 --> 35 
35 --> 36 
36 --> 37 
37 --> 38 
38 --> 39 
39 --> 40 
40 --> 41 
41 --> 42 
42 --> 43 
43 --> 44 
44 --> 45 
45 --> 46 
46 --> 47 
47 --> 48 
48 --> 49 
49 --> 50 
50 --> 51 
51 --> 52 
52 --> 53 
53 --> 54 
54 --> 55 
55 --> 56 
56 --> 57 
57 --> 58 
58 --> 59 
59 --> 60 
60 --> 2 
61 --> 

* FSM state operations: 

State 1 <SV = 0> <Delay = 1.76>
ST_1 : Operation 62 [1/1] (1.76ns)   --->   "br label %1" [LSTM/rnn.cpp:90]   --->   Operation 62 'br' <Predicate = true> <Delay = 1.76>

State 2 <SV = 1> <Delay = 3.25>
ST_2 : Operation 63 [1/1] (0.00ns)   --->   "%i_0_0 = phi i7 [ 0, %0 ], [ %add_ln90, %i_loop ]" [LSTM/rnn.cpp:90]   --->   Operation 63 'phi' 'i_0_0' <Predicate = true> <Delay = 0.00>
ST_2 : Operation 64 [1/1] (0.00ns)   --->   "%empty = call i32 (...)* @_ssdm_op_SpecLoopTripCount(i64 32, i64 32, i64 32)"   --->   Operation 64 'speclooptripcount' 'empty' <Predicate = true> <Delay = 0.00>
ST_2 : Operation 65 [1/1] (1.48ns)   --->   "%icmp_ln90 = icmp eq i7 %i_0_0, -64" [LSTM/rnn.cpp:90]   --->   Operation 65 'icmp' 'icmp_ln90' <Predicate = true> <Delay = 1.48> <Core = "Cmp">   --->   Core 25 'Cmp' <Latency = 0> <II = 1> <Delay = 1.48> <FuncUnit> <Opcode : 'icmp'> <InPorts = 2> <OutPorts = 1>
ST_2 : Operation 66 [1/1] (0.00ns)   --->   "br i1 %icmp_ln90, label %2, label %i_loop" [LSTM/rnn.cpp:90]   --->   Operation 66 'br' <Predicate = true> <Delay = 0.00>
ST_2 : Operation 67 [1/1] (0.00ns)   --->   "%empty_3 = trunc i7 %i_0_0 to i6" [LSTM/rnn.cpp:90]   --->   Operation 67 'trunc' 'empty_3' <Predicate = (!icmp_ln90)> <Delay = 0.00>
ST_2 : Operation 68 [1/1] (0.00ns)   --->   "%zext_ln94 = zext i7 %i_0_0 to i64" [LSTM/rnn.cpp:94]   --->   Operation 68 'zext' 'zext_ln94' <Predicate = (!icmp_ln90)> <Delay = 0.00>
ST_2 : Operation 69 [1/1] (0.00ns)   --->   "%a_addr = getelementptr [64 x float]* %a, i64 0, i64 %zext_ln94" [LSTM/rnn.cpp:94]   --->   Operation 69 'getelementptr' 'a_addr' <Predicate = (!icmp_ln90)> <Delay = 0.00>
ST_2 : Operation 70 [2/2] (3.25ns)   --->   "%a_load = load float* %a_addr, align 4" [LSTM/rnn.cpp:94]   --->   Operation 70 'load' 'a_load' <Predicate = (!icmp_ln90)> <Delay = 3.25> <Core = "RAM">   --->   Core 37 'RAM' <Latency = 1> <II = 1> <Delay = 3.25> <Storage> <Opcode : 'load' 'store'> <Ports = 2> <Width = 32> <Depth = 64> <RAM>
ST_2 : Operation 71 [1/1] (0.00ns)   --->   "%or_ln90 = or i6 %empty_3, 1" [LSTM/rnn.cpp:90]   --->   Operation 71 'or' 'or_ln90' <Predicate = (!icmp_ln90)> <Delay = 0.00>
ST_2 : Operation 72 [1/1] (0.00ns)   --->   "%zext_ln94_1 = zext i6 %or_ln90 to i64" [LSTM/rnn.cpp:94]   --->   Operation 72 'zext' 'zext_ln94_1' <Predicate = (!icmp_ln90)> <Delay = 0.00>
ST_2 : Operation 73 [1/1] (0.00ns)   --->   "%a_addr_1 = getelementptr [64 x float]* %a, i64 0, i64 %zext_ln94_1" [LSTM/rnn.cpp:94]   --->   Operation 73 'getelementptr' 'a_addr_1' <Predicate = (!icmp_ln90)> <Delay = 0.00>
ST_2 : Operation 74 [2/2] (3.25ns)   --->   "%a_load_1 = load float* %a_addr_1, align 4" [LSTM/rnn.cpp:94]   --->   Operation 74 'load' 'a_load_1' <Predicate = (!icmp_ln90)> <Delay = 3.25> <Core = "RAM">   --->   Core 37 'RAM' <Latency = 1> <II = 1> <Delay = 3.25> <Storage> <Opcode : 'load' 'store'> <Ports = 2> <Width = 32> <Depth = 64> <RAM>
ST_2 : Operation 75 [1/1] (1.87ns)   --->   "%add_ln90 = add i7 2, %i_0_0" [LSTM/rnn.cpp:90]   --->   Operation 75 'add' 'add_ln90' <Predicate = (!icmp_ln90)> <Delay = 1.87> <Core = "AddSub">   --->   Core 14 'AddSub' <Latency = 0> <II = 1> <Delay = 1.87> <FuncUnit> <Opcode : 'add' 'sub'> <InPorts = 2> <OutPorts = 1>

State 3 <SV = 2> <Delay = 8.68>
ST_3 : Operation 76 [1/2] (3.25ns)   --->   "%a_load = load float* %a_addr, align 4" [LSTM/rnn.cpp:94]   --->   Operation 76 'load' 'a_load' <Predicate = (!icmp_ln90)> <Delay = 3.25> <Core = "RAM">   --->   Core 37 'RAM' <Latency = 1> <II = 1> <Delay = 3.25> <Storage> <Opcode : 'load' 'store'> <Ports = 2> <Width = 32> <Depth = 64> <RAM>
ST_3 : Operation 77 [2/2] (4.43ns)   --->   "%tmp1 = fpext float %a_load to double" [LSTM/rnn.cpp:94]   --->   Operation 77 'fpext' 'tmp1' <Predicate = (!icmp_ln90)> <Delay = 4.43> <Core = "Float2Double">   --->   Core 114 'Float2Double' <Latency = 1> <II = 1> <Delay = 4.43> <FuncUnit> <Opcode : 'fpext'> <InPorts = 1> <OutPorts = 1>
ST_3 : Operation 78 [1/1] (0.00ns)   --->   "%bitcast_ln94 = bitcast float %a_load to i32" [LSTM/rnn.cpp:94]   --->   Operation 78 'bitcast' 'bitcast_ln94' <Predicate = (!icmp_ln90)> <Delay = 0.00>
ST_3 : Operation 79 [1/1] (0.99ns)   --->   "%xor_ln94 = xor i32 %bitcast_ln94, -2147483648" [LSTM/rnn.cpp:94]   --->   Operation 79 'xor' 'xor_ln94' <Predicate = (!icmp_ln90)> <Delay = 0.99> <Core = "LogicGate">   --->   Core 27 'LogicGate' <Latency = 0> <II = 1> <Delay = 0.99> <FuncUnit> <Opcode : 'and' 'or' 'xor'> <InPorts = 2> <OutPorts = 1>
ST_3 : Operation 80 [1/1] (0.00ns)   --->   "%bitcast_ln94_1 = bitcast i32 %xor_ln94 to float" [LSTM/rnn.cpp:94]   --->   Operation 80 'bitcast' 'bitcast_ln94_1' <Predicate = (!icmp_ln90)> <Delay = 0.00>
ST_3 : Operation 81 [2/2] (4.43ns)   --->   "%tmp_3 = fpext float %bitcast_ln94_1 to double" [LSTM/rnn.cpp:94]   --->   Operation 81 'fpext' 'tmp_3' <Predicate = (!icmp_ln90)> <Delay = 4.43> <Core = "Float2Double">   --->   Core 114 'Float2Double' <Latency = 1> <II = 1> <Delay = 4.43> <FuncUnit> <Opcode : 'fpext'> <InPorts = 1> <OutPorts = 1>
ST_3 : Operation 82 [1/2] (3.25ns)   --->   "%a_load_1 = load float* %a_addr_1, align 4" [LSTM/rnn.cpp:94]   --->   Operation 82 'load' 'a_load_1' <Predicate = (!icmp_ln90)> <Delay = 3.25> <Core = "RAM">   --->   Core 37 'RAM' <Latency = 1> <II = 1> <Delay = 3.25> <Storage> <Opcode : 'load' 'store'> <Ports = 2> <Width = 32> <Depth = 64> <RAM>
ST_3 : Operation 83 [2/2] (4.43ns)   --->   "%tmp_s = fpext float %a_load_1 to double" [LSTM/rnn.cpp:94]   --->   Operation 83 'fpext' 'tmp_s' <Predicate = (!icmp_ln90)> <Delay = 4.43> <Core = "Float2Double">   --->   Core 114 'Float2Double' <Latency = 1> <II = 1> <Delay = 4.43> <FuncUnit> <Opcode : 'fpext'> <InPorts = 1> <OutPorts = 1>
ST_3 : Operation 84 [1/1] (0.00ns)   --->   "%bitcast_ln94_2 = bitcast float %a_load_1 to i32" [LSTM/rnn.cpp:94]   --->   Operation 84 'bitcast' 'bitcast_ln94_2' <Predicate = (!icmp_ln90)> <Delay = 0.00>
ST_3 : Operation 85 [1/1] (0.99ns)   --->   "%xor_ln94_1 = xor i32 %bitcast_ln94_2, -2147483648" [LSTM/rnn.cpp:94]   --->   Operation 85 'xor' 'xor_ln94_1' <Predicate = (!icmp_ln90)> <Delay = 0.99> <Core = "LogicGate">   --->   Core 27 'LogicGate' <Latency = 0> <II = 1> <Delay = 0.99> <FuncUnit> <Opcode : 'and' 'or' 'xor'> <InPorts = 2> <OutPorts = 1>
ST_3 : Operation 86 [1/1] (0.00ns)   --->   "%bitcast_ln94_3 = bitcast i32 %xor_ln94_1 to float" [LSTM/rnn.cpp:94]   --->   Operation 86 'bitcast' 'bitcast_ln94_3' <Predicate = (!icmp_ln90)> <Delay = 0.00>
ST_3 : Operation 87 [2/2] (4.43ns)   --->   "%tmp_3_1 = fpext float %bitcast_ln94_3 to double" [LSTM/rnn.cpp:94]   --->   Operation 87 'fpext' 'tmp_3_1' <Predicate = (!icmp_ln90)> <Delay = 4.43> <Core = "Float2Double">   --->   Core 114 'Float2Double' <Latency = 1> <II = 1> <Delay = 4.43> <FuncUnit> <Opcode : 'fpext'> <InPorts = 1> <OutPorts = 1>

State 4 <SV = 3> <Delay = 4.43>
ST_4 : Operation 88 [1/2] (4.43ns)   --->   "%tmp1 = fpext float %a_load to double" [LSTM/rnn.cpp:94]   --->   Operation 88 'fpext' 'tmp1' <Predicate = (!icmp_ln90)> <Delay = 4.43> <Core = "Float2Double">   --->   Core 114 'Float2Double' <Latency = 1> <II = 1> <Delay = 4.43> <FuncUnit> <Opcode : 'fpext'> <InPorts = 1> <OutPorts = 1>
ST_4 : Operation 89 [1/2] (4.43ns)   --->   "%tmp_3 = fpext float %bitcast_ln94_1 to double" [LSTM/rnn.cpp:94]   --->   Operation 89 'fpext' 'tmp_3' <Predicate = (!icmp_ln90)> <Delay = 4.43> <Core = "Float2Double">   --->   Core 114 'Float2Double' <Latency = 1> <II = 1> <Delay = 4.43> <FuncUnit> <Opcode : 'fpext'> <InPorts = 1> <OutPorts = 1>
ST_4 : Operation 90 [1/2] (4.43ns)   --->   "%tmp_s = fpext float %a_load_1 to double" [LSTM/rnn.cpp:94]   --->   Operation 90 'fpext' 'tmp_s' <Predicate = (!icmp_ln90)> <Delay = 4.43> <Core = "Float2Double">   --->   Core 114 'Float2Double' <Latency = 1> <II = 1> <Delay = 4.43> <FuncUnit> <Opcode : 'fpext'> <InPorts = 1> <OutPorts = 1>
ST_4 : Operation 91 [1/2] (4.43ns)   --->   "%tmp_3_1 = fpext float %bitcast_ln94_3 to double" [LSTM/rnn.cpp:94]   --->   Operation 91 'fpext' 'tmp_3_1' <Predicate = (!icmp_ln90)> <Delay = 4.43> <Core = "Float2Double">   --->   Core 114 'Float2Double' <Latency = 1> <II = 1> <Delay = 4.43> <FuncUnit> <Opcode : 'fpext'> <InPorts = 1> <OutPorts = 1>

State 5 <SV = 4> <Delay = 7.32>
ST_5 : Operation 92 [18/18] (7.32ns)   --->   "%tmp_1 = call double @llvm.exp.f64(double %tmp1)" [LSTM/rnn.cpp:94]   --->   Operation 92 'dexp' 'tmp_1' <Predicate = (!icmp_ln90)> <Delay = 7.32> <Core = "DExp">   --->   Core 128 'DExp' <Latency = 17> <II = 1> <Delay = 7.32> <FuncUnit> <Opcode : 'dexp'> <InPorts = 1> <OutPorts = 1>
ST_5 : Operation 93 [18/18] (7.32ns)   --->   "%tmp_4 = call double @llvm.exp.f64(double %tmp_3)" [LSTM/rnn.cpp:94]   --->   Operation 93 'dexp' 'tmp_4' <Predicate = (!icmp_ln90)> <Delay = 7.32> <Core = "DExp">   --->   Core 128 'DExp' <Latency = 17> <II = 1> <Delay = 7.32> <FuncUnit> <Opcode : 'dexp'> <InPorts = 1> <OutPorts = 1>
ST_5 : Operation 94 [18/18] (7.32ns)   --->   "%tmp_1_1 = call double @llvm.exp.f64(double %tmp_s)" [LSTM/rnn.cpp:94]   --->   Operation 94 'dexp' 'tmp_1_1' <Predicate = (!icmp_ln90)> <Delay = 7.32> <Core = "DExp">   --->   Core 128 'DExp' <Latency = 17> <II = 1> <Delay = 7.32> <FuncUnit> <Opcode : 'dexp'> <InPorts = 1> <OutPorts = 1>
ST_5 : Operation 95 [18/18] (7.32ns)   --->   "%tmp_4_1 = call double @llvm.exp.f64(double %tmp_3_1)" [LSTM/rnn.cpp:94]   --->   Operation 95 'dexp' 'tmp_4_1' <Predicate = (!icmp_ln90)> <Delay = 7.32> <Core = "DExp">   --->   Core 128 'DExp' <Latency = 17> <II = 1> <Delay = 7.32> <FuncUnit> <Opcode : 'dexp'> <InPorts = 1> <OutPorts = 1>

State 6 <SV = 5> <Delay = 7.32>
ST_6 : Operation 96 [17/18] (7.32ns)   --->   "%tmp_1 = call double @llvm.exp.f64(double %tmp1)" [LSTM/rnn.cpp:94]   --->   Operation 96 'dexp' 'tmp_1' <Predicate = (!icmp_ln90)> <Delay = 7.32> <Core = "DExp">   --->   Core 128 'DExp' <Latency = 17> <II = 1> <Delay = 7.32> <FuncUnit> <Opcode : 'dexp'> <InPorts = 1> <OutPorts = 1>
ST_6 : Operation 97 [17/18] (7.32ns)   --->   "%tmp_4 = call double @llvm.exp.f64(double %tmp_3)" [LSTM/rnn.cpp:94]   --->   Operation 97 'dexp' 'tmp_4' <Predicate = (!icmp_ln90)> <Delay = 7.32> <Core = "DExp">   --->   Core 128 'DExp' <Latency = 17> <II = 1> <Delay = 7.32> <FuncUnit> <Opcode : 'dexp'> <InPorts = 1> <OutPorts = 1>
ST_6 : Operation 98 [17/18] (7.32ns)   --->   "%tmp_1_1 = call double @llvm.exp.f64(double %tmp_s)" [LSTM/rnn.cpp:94]   --->   Operation 98 'dexp' 'tmp_1_1' <Predicate = (!icmp_ln90)> <Delay = 7.32> <Core = "DExp">   --->   Core 128 'DExp' <Latency = 17> <II = 1> <Delay = 7.32> <FuncUnit> <Opcode : 'dexp'> <InPorts = 1> <OutPorts = 1>
ST_6 : Operation 99 [17/18] (7.32ns)   --->   "%tmp_4_1 = call double @llvm.exp.f64(double %tmp_3_1)" [LSTM/rnn.cpp:94]   --->   Operation 99 'dexp' 'tmp_4_1' <Predicate = (!icmp_ln90)> <Delay = 7.32> <Core = "DExp">   --->   Core 128 'DExp' <Latency = 17> <II = 1> <Delay = 7.32> <FuncUnit> <Opcode : 'dexp'> <InPorts = 1> <OutPorts = 1>

State 7 <SV = 6> <Delay = 7.32>
ST_7 : Operation 100 [16/18] (7.32ns)   --->   "%tmp_1 = call double @llvm.exp.f64(double %tmp1)" [LSTM/rnn.cpp:94]   --->   Operation 100 'dexp' 'tmp_1' <Predicate = (!icmp_ln90)> <Delay = 7.32> <Core = "DExp">   --->   Core 128 'DExp' <Latency = 17> <II = 1> <Delay = 7.32> <FuncUnit> <Opcode : 'dexp'> <InPorts = 1> <OutPorts = 1>
ST_7 : Operation 101 [16/18] (7.32ns)   --->   "%tmp_4 = call double @llvm.exp.f64(double %tmp_3)" [LSTM/rnn.cpp:94]   --->   Operation 101 'dexp' 'tmp_4' <Predicate = (!icmp_ln90)> <Delay = 7.32> <Core = "DExp">   --->   Core 128 'DExp' <Latency = 17> <II = 1> <Delay = 7.32> <FuncUnit> <Opcode : 'dexp'> <InPorts = 1> <OutPorts = 1>
ST_7 : Operation 102 [16/18] (7.32ns)   --->   "%tmp_1_1 = call double @llvm.exp.f64(double %tmp_s)" [LSTM/rnn.cpp:94]   --->   Operation 102 'dexp' 'tmp_1_1' <Predicate = (!icmp_ln90)> <Delay = 7.32> <Core = "DExp">   --->   Core 128 'DExp' <Latency = 17> <II = 1> <Delay = 7.32> <FuncUnit> <Opcode : 'dexp'> <InPorts = 1> <OutPorts = 1>
ST_7 : Operation 103 [16/18] (7.32ns)   --->   "%tmp_4_1 = call double @llvm.exp.f64(double %tmp_3_1)" [LSTM/rnn.cpp:94]   --->   Operation 103 'dexp' 'tmp_4_1' <Predicate = (!icmp_ln90)> <Delay = 7.32> <Core = "DExp">   --->   Core 128 'DExp' <Latency = 17> <II = 1> <Delay = 7.32> <FuncUnit> <Opcode : 'dexp'> <InPorts = 1> <OutPorts = 1>

State 8 <SV = 7> <Delay = 7.32>
ST_8 : Operation 104 [15/18] (7.32ns)   --->   "%tmp_1 = call double @llvm.exp.f64(double %tmp1)" [LSTM/rnn.cpp:94]   --->   Operation 104 'dexp' 'tmp_1' <Predicate = (!icmp_ln90)> <Delay = 7.32> <Core = "DExp">   --->   Core 128 'DExp' <Latency = 17> <II = 1> <Delay = 7.32> <FuncUnit> <Opcode : 'dexp'> <InPorts = 1> <OutPorts = 1>
ST_8 : Operation 105 [15/18] (7.32ns)   --->   "%tmp_4 = call double @llvm.exp.f64(double %tmp_3)" [LSTM/rnn.cpp:94]   --->   Operation 105 'dexp' 'tmp_4' <Predicate = (!icmp_ln90)> <Delay = 7.32> <Core = "DExp">   --->   Core 128 'DExp' <Latency = 17> <II = 1> <Delay = 7.32> <FuncUnit> <Opcode : 'dexp'> <InPorts = 1> <OutPorts = 1>
ST_8 : Operation 106 [15/18] (7.32ns)   --->   "%tmp_1_1 = call double @llvm.exp.f64(double %tmp_s)" [LSTM/rnn.cpp:94]   --->   Operation 106 'dexp' 'tmp_1_1' <Predicate = (!icmp_ln90)> <Delay = 7.32> <Core = "DExp">   --->   Core 128 'DExp' <Latency = 17> <II = 1> <Delay = 7.32> <FuncUnit> <Opcode : 'dexp'> <InPorts = 1> <OutPorts = 1>
ST_8 : Operation 107 [15/18] (7.32ns)   --->   "%tmp_4_1 = call double @llvm.exp.f64(double %tmp_3_1)" [LSTM/rnn.cpp:94]   --->   Operation 107 'dexp' 'tmp_4_1' <Predicate = (!icmp_ln90)> <Delay = 7.32> <Core = "DExp">   --->   Core 128 'DExp' <Latency = 17> <II = 1> <Delay = 7.32> <FuncUnit> <Opcode : 'dexp'> <InPorts = 1> <OutPorts = 1>

State 9 <SV = 8> <Delay = 7.32>
ST_9 : Operation 108 [14/18] (7.32ns)   --->   "%tmp_1 = call double @llvm.exp.f64(double %tmp1)" [LSTM/rnn.cpp:94]   --->   Operation 108 'dexp' 'tmp_1' <Predicate = (!icmp_ln90)> <Delay = 7.32> <Core = "DExp">   --->   Core 128 'DExp' <Latency = 17> <II = 1> <Delay = 7.32> <FuncUnit> <Opcode : 'dexp'> <InPorts = 1> <OutPorts = 1>
ST_9 : Operation 109 [14/18] (7.32ns)   --->   "%tmp_4 = call double @llvm.exp.f64(double %tmp_3)" [LSTM/rnn.cpp:94]   --->   Operation 109 'dexp' 'tmp_4' <Predicate = (!icmp_ln90)> <Delay = 7.32> <Core = "DExp">   --->   Core 128 'DExp' <Latency = 17> <II = 1> <Delay = 7.32> <FuncUnit> <Opcode : 'dexp'> <InPorts = 1> <OutPorts = 1>
ST_9 : Operation 110 [14/18] (7.32ns)   --->   "%tmp_1_1 = call double @llvm.exp.f64(double %tmp_s)" [LSTM/rnn.cpp:94]   --->   Operation 110 'dexp' 'tmp_1_1' <Predicate = (!icmp_ln90)> <Delay = 7.32> <Core = "DExp">   --->   Core 128 'DExp' <Latency = 17> <II = 1> <Delay = 7.32> <FuncUnit> <Opcode : 'dexp'> <InPorts = 1> <OutPorts = 1>
ST_9 : Operation 111 [14/18] (7.32ns)   --->   "%tmp_4_1 = call double @llvm.exp.f64(double %tmp_3_1)" [LSTM/rnn.cpp:94]   --->   Operation 111 'dexp' 'tmp_4_1' <Predicate = (!icmp_ln90)> <Delay = 7.32> <Core = "DExp">   --->   Core 128 'DExp' <Latency = 17> <II = 1> <Delay = 7.32> <FuncUnit> <Opcode : 'dexp'> <InPorts = 1> <OutPorts = 1>

State 10 <SV = 9> <Delay = 7.32>
ST_10 : Operation 112 [13/18] (7.32ns)   --->   "%tmp_1 = call double @llvm.exp.f64(double %tmp1)" [LSTM/rnn.cpp:94]   --->   Operation 112 'dexp' 'tmp_1' <Predicate = (!icmp_ln90)> <Delay = 7.32> <Core = "DExp">   --->   Core 128 'DExp' <Latency = 17> <II = 1> <Delay = 7.32> <FuncUnit> <Opcode : 'dexp'> <InPorts = 1> <OutPorts = 1>
ST_10 : Operation 113 [13/18] (7.32ns)   --->   "%tmp_4 = call double @llvm.exp.f64(double %tmp_3)" [LSTM/rnn.cpp:94]   --->   Operation 113 'dexp' 'tmp_4' <Predicate = (!icmp_ln90)> <Delay = 7.32> <Core = "DExp">   --->   Core 128 'DExp' <Latency = 17> <II = 1> <Delay = 7.32> <FuncUnit> <Opcode : 'dexp'> <InPorts = 1> <OutPorts = 1>
ST_10 : Operation 114 [13/18] (7.32ns)   --->   "%tmp_1_1 = call double @llvm.exp.f64(double %tmp_s)" [LSTM/rnn.cpp:94]   --->   Operation 114 'dexp' 'tmp_1_1' <Predicate = (!icmp_ln90)> <Delay = 7.32> <Core = "DExp">   --->   Core 128 'DExp' <Latency = 17> <II = 1> <Delay = 7.32> <FuncUnit> <Opcode : 'dexp'> <InPorts = 1> <OutPorts = 1>
ST_10 : Operation 115 [13/18] (7.32ns)   --->   "%tmp_4_1 = call double @llvm.exp.f64(double %tmp_3_1)" [LSTM/rnn.cpp:94]   --->   Operation 115 'dexp' 'tmp_4_1' <Predicate = (!icmp_ln90)> <Delay = 7.32> <Core = "DExp">   --->   Core 128 'DExp' <Latency = 17> <II = 1> <Delay = 7.32> <FuncUnit> <Opcode : 'dexp'> <InPorts = 1> <OutPorts = 1>

State 11 <SV = 10> <Delay = 7.32>
ST_11 : Operation 116 [12/18] (7.32ns)   --->   "%tmp_1 = call double @llvm.exp.f64(double %tmp1)" [LSTM/rnn.cpp:94]   --->   Operation 116 'dexp' 'tmp_1' <Predicate = (!icmp_ln90)> <Delay = 7.32> <Core = "DExp">   --->   Core 128 'DExp' <Latency = 17> <II = 1> <Delay = 7.32> <FuncUnit> <Opcode : 'dexp'> <InPorts = 1> <OutPorts = 1>
ST_11 : Operation 117 [12/18] (7.32ns)   --->   "%tmp_4 = call double @llvm.exp.f64(double %tmp_3)" [LSTM/rnn.cpp:94]   --->   Operation 117 'dexp' 'tmp_4' <Predicate = (!icmp_ln90)> <Delay = 7.32> <Core = "DExp">   --->   Core 128 'DExp' <Latency = 17> <II = 1> <Delay = 7.32> <FuncUnit> <Opcode : 'dexp'> <InPorts = 1> <OutPorts = 1>
ST_11 : Operation 118 [12/18] (7.32ns)   --->   "%tmp_1_1 = call double @llvm.exp.f64(double %tmp_s)" [LSTM/rnn.cpp:94]   --->   Operation 118 'dexp' 'tmp_1_1' <Predicate = (!icmp_ln90)> <Delay = 7.32> <Core = "DExp">   --->   Core 128 'DExp' <Latency = 17> <II = 1> <Delay = 7.32> <FuncUnit> <Opcode : 'dexp'> <InPorts = 1> <OutPorts = 1>
ST_11 : Operation 119 [12/18] (7.32ns)   --->   "%tmp_4_1 = call double @llvm.exp.f64(double %tmp_3_1)" [LSTM/rnn.cpp:94]   --->   Operation 119 'dexp' 'tmp_4_1' <Predicate = (!icmp_ln90)> <Delay = 7.32> <Core = "DExp">   --->   Core 128 'DExp' <Latency = 17> <II = 1> <Delay = 7.32> <FuncUnit> <Opcode : 'dexp'> <InPorts = 1> <OutPorts = 1>

State 12 <SV = 11> <Delay = 7.32>
ST_12 : Operation 120 [11/18] (7.32ns)   --->   "%tmp_1 = call double @llvm.exp.f64(double %tmp1)" [LSTM/rnn.cpp:94]   --->   Operation 120 'dexp' 'tmp_1' <Predicate = (!icmp_ln90)> <Delay = 7.32> <Core = "DExp">   --->   Core 128 'DExp' <Latency = 17> <II = 1> <Delay = 7.32> <FuncUnit> <Opcode : 'dexp'> <InPorts = 1> <OutPorts = 1>
ST_12 : Operation 121 [11/18] (7.32ns)   --->   "%tmp_4 = call double @llvm.exp.f64(double %tmp_3)" [LSTM/rnn.cpp:94]   --->   Operation 121 'dexp' 'tmp_4' <Predicate = (!icmp_ln90)> <Delay = 7.32> <Core = "DExp">   --->   Core 128 'DExp' <Latency = 17> <II = 1> <Delay = 7.32> <FuncUnit> <Opcode : 'dexp'> <InPorts = 1> <OutPorts = 1>
ST_12 : Operation 122 [11/18] (7.32ns)   --->   "%tmp_1_1 = call double @llvm.exp.f64(double %tmp_s)" [LSTM/rnn.cpp:94]   --->   Operation 122 'dexp' 'tmp_1_1' <Predicate = (!icmp_ln90)> <Delay = 7.32> <Core = "DExp">   --->   Core 128 'DExp' <Latency = 17> <II = 1> <Delay = 7.32> <FuncUnit> <Opcode : 'dexp'> <InPorts = 1> <OutPorts = 1>
ST_12 : Operation 123 [11/18] (7.32ns)   --->   "%tmp_4_1 = call double @llvm.exp.f64(double %tmp_3_1)" [LSTM/rnn.cpp:94]   --->   Operation 123 'dexp' 'tmp_4_1' <Predicate = (!icmp_ln90)> <Delay = 7.32> <Core = "DExp">   --->   Core 128 'DExp' <Latency = 17> <II = 1> <Delay = 7.32> <FuncUnit> <Opcode : 'dexp'> <InPorts = 1> <OutPorts = 1>

State 13 <SV = 12> <Delay = 7.32>
ST_13 : Operation 124 [10/18] (7.32ns)   --->   "%tmp_1 = call double @llvm.exp.f64(double %tmp1)" [LSTM/rnn.cpp:94]   --->   Operation 124 'dexp' 'tmp_1' <Predicate = (!icmp_ln90)> <Delay = 7.32> <Core = "DExp">   --->   Core 128 'DExp' <Latency = 17> <II = 1> <Delay = 7.32> <FuncUnit> <Opcode : 'dexp'> <InPorts = 1> <OutPorts = 1>
ST_13 : Operation 125 [10/18] (7.32ns)   --->   "%tmp_4 = call double @llvm.exp.f64(double %tmp_3)" [LSTM/rnn.cpp:94]   --->   Operation 125 'dexp' 'tmp_4' <Predicate = (!icmp_ln90)> <Delay = 7.32> <Core = "DExp">   --->   Core 128 'DExp' <Latency = 17> <II = 1> <Delay = 7.32> <FuncUnit> <Opcode : 'dexp'> <InPorts = 1> <OutPorts = 1>
ST_13 : Operation 126 [10/18] (7.32ns)   --->   "%tmp_1_1 = call double @llvm.exp.f64(double %tmp_s)" [LSTM/rnn.cpp:94]   --->   Operation 126 'dexp' 'tmp_1_1' <Predicate = (!icmp_ln90)> <Delay = 7.32> <Core = "DExp">   --->   Core 128 'DExp' <Latency = 17> <II = 1> <Delay = 7.32> <FuncUnit> <Opcode : 'dexp'> <InPorts = 1> <OutPorts = 1>
ST_13 : Operation 127 [10/18] (7.32ns)   --->   "%tmp_4_1 = call double @llvm.exp.f64(double %tmp_3_1)" [LSTM/rnn.cpp:94]   --->   Operation 127 'dexp' 'tmp_4_1' <Predicate = (!icmp_ln90)> <Delay = 7.32> <Core = "DExp">   --->   Core 128 'DExp' <Latency = 17> <II = 1> <Delay = 7.32> <FuncUnit> <Opcode : 'dexp'> <InPorts = 1> <OutPorts = 1>

State 14 <SV = 13> <Delay = 7.32>
ST_14 : Operation 128 [9/18] (7.32ns)   --->   "%tmp_1 = call double @llvm.exp.f64(double %tmp1)" [LSTM/rnn.cpp:94]   --->   Operation 128 'dexp' 'tmp_1' <Predicate = (!icmp_ln90)> <Delay = 7.32> <Core = "DExp">   --->   Core 128 'DExp' <Latency = 17> <II = 1> <Delay = 7.32> <FuncUnit> <Opcode : 'dexp'> <InPorts = 1> <OutPorts = 1>
ST_14 : Operation 129 [9/18] (7.32ns)   --->   "%tmp_4 = call double @llvm.exp.f64(double %tmp_3)" [LSTM/rnn.cpp:94]   --->   Operation 129 'dexp' 'tmp_4' <Predicate = (!icmp_ln90)> <Delay = 7.32> <Core = "DExp">   --->   Core 128 'DExp' <Latency = 17> <II = 1> <Delay = 7.32> <FuncUnit> <Opcode : 'dexp'> <InPorts = 1> <OutPorts = 1>
ST_14 : Operation 130 [9/18] (7.32ns)   --->   "%tmp_1_1 = call double @llvm.exp.f64(double %tmp_s)" [LSTM/rnn.cpp:94]   --->   Operation 130 'dexp' 'tmp_1_1' <Predicate = (!icmp_ln90)> <Delay = 7.32> <Core = "DExp">   --->   Core 128 'DExp' <Latency = 17> <II = 1> <Delay = 7.32> <FuncUnit> <Opcode : 'dexp'> <InPorts = 1> <OutPorts = 1>
ST_14 : Operation 131 [9/18] (7.32ns)   --->   "%tmp_4_1 = call double @llvm.exp.f64(double %tmp_3_1)" [LSTM/rnn.cpp:94]   --->   Operation 131 'dexp' 'tmp_4_1' <Predicate = (!icmp_ln90)> <Delay = 7.32> <Core = "DExp">   --->   Core 128 'DExp' <Latency = 17> <II = 1> <Delay = 7.32> <FuncUnit> <Opcode : 'dexp'> <InPorts = 1> <OutPorts = 1>

State 15 <SV = 14> <Delay = 7.32>
ST_15 : Operation 132 [8/18] (7.32ns)   --->   "%tmp_1 = call double @llvm.exp.f64(double %tmp1)" [LSTM/rnn.cpp:94]   --->   Operation 132 'dexp' 'tmp_1' <Predicate = (!icmp_ln90)> <Delay = 7.32> <Core = "DExp">   --->   Core 128 'DExp' <Latency = 17> <II = 1> <Delay = 7.32> <FuncUnit> <Opcode : 'dexp'> <InPorts = 1> <OutPorts = 1>
ST_15 : Operation 133 [8/18] (7.32ns)   --->   "%tmp_4 = call double @llvm.exp.f64(double %tmp_3)" [LSTM/rnn.cpp:94]   --->   Operation 133 'dexp' 'tmp_4' <Predicate = (!icmp_ln90)> <Delay = 7.32> <Core = "DExp">   --->   Core 128 'DExp' <Latency = 17> <II = 1> <Delay = 7.32> <FuncUnit> <Opcode : 'dexp'> <InPorts = 1> <OutPorts = 1>
ST_15 : Operation 134 [8/18] (7.32ns)   --->   "%tmp_1_1 = call double @llvm.exp.f64(double %tmp_s)" [LSTM/rnn.cpp:94]   --->   Operation 134 'dexp' 'tmp_1_1' <Predicate = (!icmp_ln90)> <Delay = 7.32> <Core = "DExp">   --->   Core 128 'DExp' <Latency = 17> <II = 1> <Delay = 7.32> <FuncUnit> <Opcode : 'dexp'> <InPorts = 1> <OutPorts = 1>
ST_15 : Operation 135 [8/18] (7.32ns)   --->   "%tmp_4_1 = call double @llvm.exp.f64(double %tmp_3_1)" [LSTM/rnn.cpp:94]   --->   Operation 135 'dexp' 'tmp_4_1' <Predicate = (!icmp_ln90)> <Delay = 7.32> <Core = "DExp">   --->   Core 128 'DExp' <Latency = 17> <II = 1> <Delay = 7.32> <FuncUnit> <Opcode : 'dexp'> <InPorts = 1> <OutPorts = 1>

State 16 <SV = 15> <Delay = 7.32>
ST_16 : Operation 136 [7/18] (7.32ns)   --->   "%tmp_1 = call double @llvm.exp.f64(double %tmp1)" [LSTM/rnn.cpp:94]   --->   Operation 136 'dexp' 'tmp_1' <Predicate = (!icmp_ln90)> <Delay = 7.32> <Core = "DExp">   --->   Core 128 'DExp' <Latency = 17> <II = 1> <Delay = 7.32> <FuncUnit> <Opcode : 'dexp'> <InPorts = 1> <OutPorts = 1>
ST_16 : Operation 137 [7/18] (7.32ns)   --->   "%tmp_4 = call double @llvm.exp.f64(double %tmp_3)" [LSTM/rnn.cpp:94]   --->   Operation 137 'dexp' 'tmp_4' <Predicate = (!icmp_ln90)> <Delay = 7.32> <Core = "DExp">   --->   Core 128 'DExp' <Latency = 17> <II = 1> <Delay = 7.32> <FuncUnit> <Opcode : 'dexp'> <InPorts = 1> <OutPorts = 1>
ST_16 : Operation 138 [7/18] (7.32ns)   --->   "%tmp_1_1 = call double @llvm.exp.f64(double %tmp_s)" [LSTM/rnn.cpp:94]   --->   Operation 138 'dexp' 'tmp_1_1' <Predicate = (!icmp_ln90)> <Delay = 7.32> <Core = "DExp">   --->   Core 128 'DExp' <Latency = 17> <II = 1> <Delay = 7.32> <FuncUnit> <Opcode : 'dexp'> <InPorts = 1> <OutPorts = 1>
ST_16 : Operation 139 [7/18] (7.32ns)   --->   "%tmp_4_1 = call double @llvm.exp.f64(double %tmp_3_1)" [LSTM/rnn.cpp:94]   --->   Operation 139 'dexp' 'tmp_4_1' <Predicate = (!icmp_ln90)> <Delay = 7.32> <Core = "DExp">   --->   Core 128 'DExp' <Latency = 17> <II = 1> <Delay = 7.32> <FuncUnit> <Opcode : 'dexp'> <InPorts = 1> <OutPorts = 1>

State 17 <SV = 16> <Delay = 7.32>
ST_17 : Operation 140 [6/18] (7.32ns)   --->   "%tmp_1 = call double @llvm.exp.f64(double %tmp1)" [LSTM/rnn.cpp:94]   --->   Operation 140 'dexp' 'tmp_1' <Predicate = (!icmp_ln90)> <Delay = 7.32> <Core = "DExp">   --->   Core 128 'DExp' <Latency = 17> <II = 1> <Delay = 7.32> <FuncUnit> <Opcode : 'dexp'> <InPorts = 1> <OutPorts = 1>
ST_17 : Operation 141 [6/18] (7.32ns)   --->   "%tmp_4 = call double @llvm.exp.f64(double %tmp_3)" [LSTM/rnn.cpp:94]   --->   Operation 141 'dexp' 'tmp_4' <Predicate = (!icmp_ln90)> <Delay = 7.32> <Core = "DExp">   --->   Core 128 'DExp' <Latency = 17> <II = 1> <Delay = 7.32> <FuncUnit> <Opcode : 'dexp'> <InPorts = 1> <OutPorts = 1>
ST_17 : Operation 142 [6/18] (7.32ns)   --->   "%tmp_1_1 = call double @llvm.exp.f64(double %tmp_s)" [LSTM/rnn.cpp:94]   --->   Operation 142 'dexp' 'tmp_1_1' <Predicate = (!icmp_ln90)> <Delay = 7.32> <Core = "DExp">   --->   Core 128 'DExp' <Latency = 17> <II = 1> <Delay = 7.32> <FuncUnit> <Opcode : 'dexp'> <InPorts = 1> <OutPorts = 1>
ST_17 : Operation 143 [6/18] (7.32ns)   --->   "%tmp_4_1 = call double @llvm.exp.f64(double %tmp_3_1)" [LSTM/rnn.cpp:94]   --->   Operation 143 'dexp' 'tmp_4_1' <Predicate = (!icmp_ln90)> <Delay = 7.32> <Core = "DExp">   --->   Core 128 'DExp' <Latency = 17> <II = 1> <Delay = 7.32> <FuncUnit> <Opcode : 'dexp'> <InPorts = 1> <OutPorts = 1>

State 18 <SV = 17> <Delay = 7.32>
ST_18 : Operation 144 [5/18] (7.32ns)   --->   "%tmp_1 = call double @llvm.exp.f64(double %tmp1)" [LSTM/rnn.cpp:94]   --->   Operation 144 'dexp' 'tmp_1' <Predicate = (!icmp_ln90)> <Delay = 7.32> <Core = "DExp">   --->   Core 128 'DExp' <Latency = 17> <II = 1> <Delay = 7.32> <FuncUnit> <Opcode : 'dexp'> <InPorts = 1> <OutPorts = 1>
ST_18 : Operation 145 [5/18] (7.32ns)   --->   "%tmp_4 = call double @llvm.exp.f64(double %tmp_3)" [LSTM/rnn.cpp:94]   --->   Operation 145 'dexp' 'tmp_4' <Predicate = (!icmp_ln90)> <Delay = 7.32> <Core = "DExp">   --->   Core 128 'DExp' <Latency = 17> <II = 1> <Delay = 7.32> <FuncUnit> <Opcode : 'dexp'> <InPorts = 1> <OutPorts = 1>
ST_18 : Operation 146 [5/18] (7.32ns)   --->   "%tmp_1_1 = call double @llvm.exp.f64(double %tmp_s)" [LSTM/rnn.cpp:94]   --->   Operation 146 'dexp' 'tmp_1_1' <Predicate = (!icmp_ln90)> <Delay = 7.32> <Core = "DExp">   --->   Core 128 'DExp' <Latency = 17> <II = 1> <Delay = 7.32> <FuncUnit> <Opcode : 'dexp'> <InPorts = 1> <OutPorts = 1>
ST_18 : Operation 147 [5/18] (7.32ns)   --->   "%tmp_4_1 = call double @llvm.exp.f64(double %tmp_3_1)" [LSTM/rnn.cpp:94]   --->   Operation 147 'dexp' 'tmp_4_1' <Predicate = (!icmp_ln90)> <Delay = 7.32> <Core = "DExp">   --->   Core 128 'DExp' <Latency = 17> <II = 1> <Delay = 7.32> <FuncUnit> <Opcode : 'dexp'> <InPorts = 1> <OutPorts = 1>

State 19 <SV = 18> <Delay = 7.32>
ST_19 : Operation 148 [4/18] (7.32ns)   --->   "%tmp_1 = call double @llvm.exp.f64(double %tmp1)" [LSTM/rnn.cpp:94]   --->   Operation 148 'dexp' 'tmp_1' <Predicate = (!icmp_ln90)> <Delay = 7.32> <Core = "DExp">   --->   Core 128 'DExp' <Latency = 17> <II = 1> <Delay = 7.32> <FuncUnit> <Opcode : 'dexp'> <InPorts = 1> <OutPorts = 1>
ST_19 : Operation 149 [4/18] (7.32ns)   --->   "%tmp_4 = call double @llvm.exp.f64(double %tmp_3)" [LSTM/rnn.cpp:94]   --->   Operation 149 'dexp' 'tmp_4' <Predicate = (!icmp_ln90)> <Delay = 7.32> <Core = "DExp">   --->   Core 128 'DExp' <Latency = 17> <II = 1> <Delay = 7.32> <FuncUnit> <Opcode : 'dexp'> <InPorts = 1> <OutPorts = 1>
ST_19 : Operation 150 [4/18] (7.32ns)   --->   "%tmp_1_1 = call double @llvm.exp.f64(double %tmp_s)" [LSTM/rnn.cpp:94]   --->   Operation 150 'dexp' 'tmp_1_1' <Predicate = (!icmp_ln90)> <Delay = 7.32> <Core = "DExp">   --->   Core 128 'DExp' <Latency = 17> <II = 1> <Delay = 7.32> <FuncUnit> <Opcode : 'dexp'> <InPorts = 1> <OutPorts = 1>
ST_19 : Operation 151 [4/18] (7.32ns)   --->   "%tmp_4_1 = call double @llvm.exp.f64(double %tmp_3_1)" [LSTM/rnn.cpp:94]   --->   Operation 151 'dexp' 'tmp_4_1' <Predicate = (!icmp_ln90)> <Delay = 7.32> <Core = "DExp">   --->   Core 128 'DExp' <Latency = 17> <II = 1> <Delay = 7.32> <FuncUnit> <Opcode : 'dexp'> <InPorts = 1> <OutPorts = 1>

State 20 <SV = 19> <Delay = 7.32>
ST_20 : Operation 152 [3/18] (7.32ns)   --->   "%tmp_1 = call double @llvm.exp.f64(double %tmp1)" [LSTM/rnn.cpp:94]   --->   Operation 152 'dexp' 'tmp_1' <Predicate = (!icmp_ln90)> <Delay = 7.32> <Core = "DExp">   --->   Core 128 'DExp' <Latency = 17> <II = 1> <Delay = 7.32> <FuncUnit> <Opcode : 'dexp'> <InPorts = 1> <OutPorts = 1>
ST_20 : Operation 153 [3/18] (7.32ns)   --->   "%tmp_4 = call double @llvm.exp.f64(double %tmp_3)" [LSTM/rnn.cpp:94]   --->   Operation 153 'dexp' 'tmp_4' <Predicate = (!icmp_ln90)> <Delay = 7.32> <Core = "DExp">   --->   Core 128 'DExp' <Latency = 17> <II = 1> <Delay = 7.32> <FuncUnit> <Opcode : 'dexp'> <InPorts = 1> <OutPorts = 1>
ST_20 : Operation 154 [3/18] (7.32ns)   --->   "%tmp_1_1 = call double @llvm.exp.f64(double %tmp_s)" [LSTM/rnn.cpp:94]   --->   Operation 154 'dexp' 'tmp_1_1' <Predicate = (!icmp_ln90)> <Delay = 7.32> <Core = "DExp">   --->   Core 128 'DExp' <Latency = 17> <II = 1> <Delay = 7.32> <FuncUnit> <Opcode : 'dexp'> <InPorts = 1> <OutPorts = 1>
ST_20 : Operation 155 [3/18] (7.32ns)   --->   "%tmp_4_1 = call double @llvm.exp.f64(double %tmp_3_1)" [LSTM/rnn.cpp:94]   --->   Operation 155 'dexp' 'tmp_4_1' <Predicate = (!icmp_ln90)> <Delay = 7.32> <Core = "DExp">   --->   Core 128 'DExp' <Latency = 17> <II = 1> <Delay = 7.32> <FuncUnit> <Opcode : 'dexp'> <InPorts = 1> <OutPorts = 1>

State 21 <SV = 20> <Delay = 7.32>
ST_21 : Operation 156 [2/18] (7.32ns)   --->   "%tmp_1 = call double @llvm.exp.f64(double %tmp1)" [LSTM/rnn.cpp:94]   --->   Operation 156 'dexp' 'tmp_1' <Predicate = (!icmp_ln90)> <Delay = 7.32> <Core = "DExp">   --->   Core 128 'DExp' <Latency = 17> <II = 1> <Delay = 7.32> <FuncUnit> <Opcode : 'dexp'> <InPorts = 1> <OutPorts = 1>
ST_21 : Operation 157 [2/18] (7.32ns)   --->   "%tmp_4 = call double @llvm.exp.f64(double %tmp_3)" [LSTM/rnn.cpp:94]   --->   Operation 157 'dexp' 'tmp_4' <Predicate = (!icmp_ln90)> <Delay = 7.32> <Core = "DExp">   --->   Core 128 'DExp' <Latency = 17> <II = 1> <Delay = 7.32> <FuncUnit> <Opcode : 'dexp'> <InPorts = 1> <OutPorts = 1>
ST_21 : Operation 158 [2/18] (7.32ns)   --->   "%tmp_1_1 = call double @llvm.exp.f64(double %tmp_s)" [LSTM/rnn.cpp:94]   --->   Operation 158 'dexp' 'tmp_1_1' <Predicate = (!icmp_ln90)> <Delay = 7.32> <Core = "DExp">   --->   Core 128 'DExp' <Latency = 17> <II = 1> <Delay = 7.32> <FuncUnit> <Opcode : 'dexp'> <InPorts = 1> <OutPorts = 1>
ST_21 : Operation 159 [2/18] (7.32ns)   --->   "%tmp_4_1 = call double @llvm.exp.f64(double %tmp_3_1)" [LSTM/rnn.cpp:94]   --->   Operation 159 'dexp' 'tmp_4_1' <Predicate = (!icmp_ln90)> <Delay = 7.32> <Core = "DExp">   --->   Core 128 'DExp' <Latency = 17> <II = 1> <Delay = 7.32> <FuncUnit> <Opcode : 'dexp'> <InPorts = 1> <OutPorts = 1>

State 22 <SV = 21> <Delay = 7.32>
ST_22 : Operation 160 [1/18] (7.32ns)   --->   "%tmp_1 = call double @llvm.exp.f64(double %tmp1)" [LSTM/rnn.cpp:94]   --->   Operation 160 'dexp' 'tmp_1' <Predicate = (!icmp_ln90)> <Delay = 7.32> <Core = "DExp">   --->   Core 128 'DExp' <Latency = 17> <II = 1> <Delay = 7.32> <FuncUnit> <Opcode : 'dexp'> <InPorts = 1> <OutPorts = 1>
ST_22 : Operation 161 [1/18] (7.32ns)   --->   "%tmp_4 = call double @llvm.exp.f64(double %tmp_3)" [LSTM/rnn.cpp:94]   --->   Operation 161 'dexp' 'tmp_4' <Predicate = (!icmp_ln90)> <Delay = 7.32> <Core = "DExp">   --->   Core 128 'DExp' <Latency = 17> <II = 1> <Delay = 7.32> <FuncUnit> <Opcode : 'dexp'> <InPorts = 1> <OutPorts = 1>
ST_22 : Operation 162 [1/18] (7.32ns)   --->   "%tmp_1_1 = call double @llvm.exp.f64(double %tmp_s)" [LSTM/rnn.cpp:94]   --->   Operation 162 'dexp' 'tmp_1_1' <Predicate = (!icmp_ln90)> <Delay = 7.32> <Core = "DExp">   --->   Core 128 'DExp' <Latency = 17> <II = 1> <Delay = 7.32> <FuncUnit> <Opcode : 'dexp'> <InPorts = 1> <OutPorts = 1>
ST_22 : Operation 163 [1/18] (7.32ns)   --->   "%tmp_4_1 = call double @llvm.exp.f64(double %tmp_3_1)" [LSTM/rnn.cpp:94]   --->   Operation 163 'dexp' 'tmp_4_1' <Predicate = (!icmp_ln90)> <Delay = 7.32> <Core = "DExp">   --->   Core 128 'DExp' <Latency = 17> <II = 1> <Delay = 7.32> <FuncUnit> <Opcode : 'dexp'> <InPorts = 1> <OutPorts = 1>

State 23 <SV = 22> <Delay = 8.23>
ST_23 : Operation 164 [5/5] (8.23ns)   --->   "%tmp_5 = fsub double %tmp_1, %tmp_4" [LSTM/rnn.cpp:94]   --->   Operation 164 'dsub' 'tmp_5' <Predicate = (!icmp_ln90)> <Delay = 8.23> <Core = "DAddSub">   --->   Core 115 'DAddSub' <Latency = 4> <II = 1> <Delay = 8.23> <FuncUnit> <Opcode : 'dadd' 'dsub'> <InPorts = 2> <OutPorts = 1>
ST_23 : Operation 165 [5/5] (8.23ns)   --->   "%tmp_6 = fadd double %tmp_1, %tmp_4" [LSTM/rnn.cpp:94]   --->   Operation 165 'dadd' 'tmp_6' <Predicate = (!icmp_ln90)> <Delay = 8.23> <Core = "DAddSub">   --->   Core 115 'DAddSub' <Latency = 4> <II = 1> <Delay = 8.23> <FuncUnit> <Opcode : 'dadd' 'dsub'> <InPorts = 2> <OutPorts = 1>
ST_23 : Operation 166 [5/5] (8.23ns)   --->   "%tmp_5_1 = fsub double %tmp_1_1, %tmp_4_1" [LSTM/rnn.cpp:94]   --->   Operation 166 'dsub' 'tmp_5_1' <Predicate = (!icmp_ln90)> <Delay = 8.23> <Core = "DAddSub">   --->   Core 115 'DAddSub' <Latency = 4> <II = 1> <Delay = 8.23> <FuncUnit> <Opcode : 'dadd' 'dsub'> <InPorts = 2> <OutPorts = 1>
ST_23 : Operation 167 [5/5] (8.23ns)   --->   "%tmp_6_1 = fadd double %tmp_1_1, %tmp_4_1" [LSTM/rnn.cpp:94]   --->   Operation 167 'dadd' 'tmp_6_1' <Predicate = (!icmp_ln90)> <Delay = 8.23> <Core = "DAddSub">   --->   Core 115 'DAddSub' <Latency = 4> <II = 1> <Delay = 8.23> <FuncUnit> <Opcode : 'dadd' 'dsub'> <InPorts = 2> <OutPorts = 1>

State 24 <SV = 23> <Delay = 8.23>
ST_24 : Operation 168 [4/5] (8.23ns)   --->   "%tmp_5 = fsub double %tmp_1, %tmp_4" [LSTM/rnn.cpp:94]   --->   Operation 168 'dsub' 'tmp_5' <Predicate = (!icmp_ln90)> <Delay = 8.23> <Core = "DAddSub">   --->   Core 115 'DAddSub' <Latency = 4> <II = 1> <Delay = 8.23> <FuncUnit> <Opcode : 'dadd' 'dsub'> <InPorts = 2> <OutPorts = 1>
ST_24 : Operation 169 [4/5] (8.23ns)   --->   "%tmp_6 = fadd double %tmp_1, %tmp_4" [LSTM/rnn.cpp:94]   --->   Operation 169 'dadd' 'tmp_6' <Predicate = (!icmp_ln90)> <Delay = 8.23> <Core = "DAddSub">   --->   Core 115 'DAddSub' <Latency = 4> <II = 1> <Delay = 8.23> <FuncUnit> <Opcode : 'dadd' 'dsub'> <InPorts = 2> <OutPorts = 1>
ST_24 : Operation 170 [4/5] (8.23ns)   --->   "%tmp_5_1 = fsub double %tmp_1_1, %tmp_4_1" [LSTM/rnn.cpp:94]   --->   Operation 170 'dsub' 'tmp_5_1' <Predicate = (!icmp_ln90)> <Delay = 8.23> <Core = "DAddSub">   --->   Core 115 'DAddSub' <Latency = 4> <II = 1> <Delay = 8.23> <FuncUnit> <Opcode : 'dadd' 'dsub'> <InPorts = 2> <OutPorts = 1>
ST_24 : Operation 171 [4/5] (8.23ns)   --->   "%tmp_6_1 = fadd double %tmp_1_1, %tmp_4_1" [LSTM/rnn.cpp:94]   --->   Operation 171 'dadd' 'tmp_6_1' <Predicate = (!icmp_ln90)> <Delay = 8.23> <Core = "DAddSub">   --->   Core 115 'DAddSub' <Latency = 4> <II = 1> <Delay = 8.23> <FuncUnit> <Opcode : 'dadd' 'dsub'> <InPorts = 2> <OutPorts = 1>

State 25 <SV = 24> <Delay = 8.23>
ST_25 : Operation 172 [3/5] (8.23ns)   --->   "%tmp_5 = fsub double %tmp_1, %tmp_4" [LSTM/rnn.cpp:94]   --->   Operation 172 'dsub' 'tmp_5' <Predicate = (!icmp_ln90)> <Delay = 8.23> <Core = "DAddSub">   --->   Core 115 'DAddSub' <Latency = 4> <II = 1> <Delay = 8.23> <FuncUnit> <Opcode : 'dadd' 'dsub'> <InPorts = 2> <OutPorts = 1>
ST_25 : Operation 173 [3/5] (8.23ns)   --->   "%tmp_6 = fadd double %tmp_1, %tmp_4" [LSTM/rnn.cpp:94]   --->   Operation 173 'dadd' 'tmp_6' <Predicate = (!icmp_ln90)> <Delay = 8.23> <Core = "DAddSub">   --->   Core 115 'DAddSub' <Latency = 4> <II = 1> <Delay = 8.23> <FuncUnit> <Opcode : 'dadd' 'dsub'> <InPorts = 2> <OutPorts = 1>
ST_25 : Operation 174 [3/5] (8.23ns)   --->   "%tmp_5_1 = fsub double %tmp_1_1, %tmp_4_1" [LSTM/rnn.cpp:94]   --->   Operation 174 'dsub' 'tmp_5_1' <Predicate = (!icmp_ln90)> <Delay = 8.23> <Core = "DAddSub">   --->   Core 115 'DAddSub' <Latency = 4> <II = 1> <Delay = 8.23> <FuncUnit> <Opcode : 'dadd' 'dsub'> <InPorts = 2> <OutPorts = 1>
ST_25 : Operation 175 [3/5] (8.23ns)   --->   "%tmp_6_1 = fadd double %tmp_1_1, %tmp_4_1" [LSTM/rnn.cpp:94]   --->   Operation 175 'dadd' 'tmp_6_1' <Predicate = (!icmp_ln90)> <Delay = 8.23> <Core = "DAddSub">   --->   Core 115 'DAddSub' <Latency = 4> <II = 1> <Delay = 8.23> <FuncUnit> <Opcode : 'dadd' 'dsub'> <InPorts = 2> <OutPorts = 1>

State 26 <SV = 25> <Delay = 8.23>
ST_26 : Operation 176 [2/5] (8.23ns)   --->   "%tmp_5 = fsub double %tmp_1, %tmp_4" [LSTM/rnn.cpp:94]   --->   Operation 176 'dsub' 'tmp_5' <Predicate = (!icmp_ln90)> <Delay = 8.23> <Core = "DAddSub">   --->   Core 115 'DAddSub' <Latency = 4> <II = 1> <Delay = 8.23> <FuncUnit> <Opcode : 'dadd' 'dsub'> <InPorts = 2> <OutPorts = 1>
ST_26 : Operation 177 [2/5] (8.23ns)   --->   "%tmp_6 = fadd double %tmp_1, %tmp_4" [LSTM/rnn.cpp:94]   --->   Operation 177 'dadd' 'tmp_6' <Predicate = (!icmp_ln90)> <Delay = 8.23> <Core = "DAddSub">   --->   Core 115 'DAddSub' <Latency = 4> <II = 1> <Delay = 8.23> <FuncUnit> <Opcode : 'dadd' 'dsub'> <InPorts = 2> <OutPorts = 1>
ST_26 : Operation 178 [2/5] (8.23ns)   --->   "%tmp_5_1 = fsub double %tmp_1_1, %tmp_4_1" [LSTM/rnn.cpp:94]   --->   Operation 178 'dsub' 'tmp_5_1' <Predicate = (!icmp_ln90)> <Delay = 8.23> <Core = "DAddSub">   --->   Core 115 'DAddSub' <Latency = 4> <II = 1> <Delay = 8.23> <FuncUnit> <Opcode : 'dadd' 'dsub'> <InPorts = 2> <OutPorts = 1>
ST_26 : Operation 179 [2/5] (8.23ns)   --->   "%tmp_6_1 = fadd double %tmp_1_1, %tmp_4_1" [LSTM/rnn.cpp:94]   --->   Operation 179 'dadd' 'tmp_6_1' <Predicate = (!icmp_ln90)> <Delay = 8.23> <Core = "DAddSub">   --->   Core 115 'DAddSub' <Latency = 4> <II = 1> <Delay = 8.23> <FuncUnit> <Opcode : 'dadd' 'dsub'> <InPorts = 2> <OutPorts = 1>

State 27 <SV = 26> <Delay = 8.23>
ST_27 : Operation 180 [1/5] (8.23ns)   --->   "%tmp_5 = fsub double %tmp_1, %tmp_4" [LSTM/rnn.cpp:94]   --->   Operation 180 'dsub' 'tmp_5' <Predicate = (!icmp_ln90)> <Delay = 8.23> <Core = "DAddSub">   --->   Core 115 'DAddSub' <Latency = 4> <II = 1> <Delay = 8.23> <FuncUnit> <Opcode : 'dadd' 'dsub'> <InPorts = 2> <OutPorts = 1>
ST_27 : Operation 181 [1/5] (8.23ns)   --->   "%tmp_6 = fadd double %tmp_1, %tmp_4" [LSTM/rnn.cpp:94]   --->   Operation 181 'dadd' 'tmp_6' <Predicate = (!icmp_ln90)> <Delay = 8.23> <Core = "DAddSub">   --->   Core 115 'DAddSub' <Latency = 4> <II = 1> <Delay = 8.23> <FuncUnit> <Opcode : 'dadd' 'dsub'> <InPorts = 2> <OutPorts = 1>
ST_27 : Operation 182 [1/5] (8.23ns)   --->   "%tmp_5_1 = fsub double %tmp_1_1, %tmp_4_1" [LSTM/rnn.cpp:94]   --->   Operation 182 'dsub' 'tmp_5_1' <Predicate = (!icmp_ln90)> <Delay = 8.23> <Core = "DAddSub">   --->   Core 115 'DAddSub' <Latency = 4> <II = 1> <Delay = 8.23> <FuncUnit> <Opcode : 'dadd' 'dsub'> <InPorts = 2> <OutPorts = 1>
ST_27 : Operation 183 [1/5] (8.23ns)   --->   "%tmp_6_1 = fadd double %tmp_1_1, %tmp_4_1" [LSTM/rnn.cpp:94]   --->   Operation 183 'dadd' 'tmp_6_1' <Predicate = (!icmp_ln90)> <Delay = 8.23> <Core = "DAddSub">   --->   Core 115 'DAddSub' <Latency = 4> <II = 1> <Delay = 8.23> <FuncUnit> <Opcode : 'dadd' 'dsub'> <InPorts = 2> <OutPorts = 1>

State 28 <SV = 27> <Delay = 8.62>
ST_28 : Operation 184 [31/31] (8.62ns)   --->   "%tmp_7 = fdiv double %tmp_5, %tmp_6" [LSTM/rnn.cpp:94]   --->   Operation 184 'ddiv' 'tmp_7' <Predicate = (!icmp_ln90)> <Delay = 8.62> <Core = "DDiv">   --->   Core 117 'DDiv' <Latency = 30> <II = 1> <Delay = 8.62> <FuncUnit> <Opcode : 'ddiv' 'drem'> <InPorts = 2> <OutPorts = 1>
ST_28 : Operation 185 [31/31] (8.62ns)   --->   "%tmp_7_1 = fdiv double %tmp_5_1, %tmp_6_1" [LSTM/rnn.cpp:94]   --->   Operation 185 'ddiv' 'tmp_7_1' <Predicate = (!icmp_ln90)> <Delay = 8.62> <Core = "DDiv">   --->   Core 117 'DDiv' <Latency = 30> <II = 1> <Delay = 8.62> <FuncUnit> <Opcode : 'ddiv' 'drem'> <InPorts = 2> <OutPorts = 1>

State 29 <SV = 28> <Delay = 8.62>
ST_29 : Operation 186 [30/31] (8.62ns)   --->   "%tmp_7 = fdiv double %tmp_5, %tmp_6" [LSTM/rnn.cpp:94]   --->   Operation 186 'ddiv' 'tmp_7' <Predicate = (!icmp_ln90)> <Delay = 8.62> <Core = "DDiv">   --->   Core 117 'DDiv' <Latency = 30> <II = 1> <Delay = 8.62> <FuncUnit> <Opcode : 'ddiv' 'drem'> <InPorts = 2> <OutPorts = 1>
ST_29 : Operation 187 [30/31] (8.62ns)   --->   "%tmp_7_1 = fdiv double %tmp_5_1, %tmp_6_1" [LSTM/rnn.cpp:94]   --->   Operation 187 'ddiv' 'tmp_7_1' <Predicate = (!icmp_ln90)> <Delay = 8.62> <Core = "DDiv">   --->   Core 117 'DDiv' <Latency = 30> <II = 1> <Delay = 8.62> <FuncUnit> <Opcode : 'ddiv' 'drem'> <InPorts = 2> <OutPorts = 1>

State 30 <SV = 29> <Delay = 8.62>
ST_30 : Operation 188 [29/31] (8.62ns)   --->   "%tmp_7 = fdiv double %tmp_5, %tmp_6" [LSTM/rnn.cpp:94]   --->   Operation 188 'ddiv' 'tmp_7' <Predicate = (!icmp_ln90)> <Delay = 8.62> <Core = "DDiv">   --->   Core 117 'DDiv' <Latency = 30> <II = 1> <Delay = 8.62> <FuncUnit> <Opcode : 'ddiv' 'drem'> <InPorts = 2> <OutPorts = 1>
ST_30 : Operation 189 [29/31] (8.62ns)   --->   "%tmp_7_1 = fdiv double %tmp_5_1, %tmp_6_1" [LSTM/rnn.cpp:94]   --->   Operation 189 'ddiv' 'tmp_7_1' <Predicate = (!icmp_ln90)> <Delay = 8.62> <Core = "DDiv">   --->   Core 117 'DDiv' <Latency = 30> <II = 1> <Delay = 8.62> <FuncUnit> <Opcode : 'ddiv' 'drem'> <InPorts = 2> <OutPorts = 1>

State 31 <SV = 30> <Delay = 8.62>
ST_31 : Operation 190 [28/31] (8.62ns)   --->   "%tmp_7 = fdiv double %tmp_5, %tmp_6" [LSTM/rnn.cpp:94]   --->   Operation 190 'ddiv' 'tmp_7' <Predicate = (!icmp_ln90)> <Delay = 8.62> <Core = "DDiv">   --->   Core 117 'DDiv' <Latency = 30> <II = 1> <Delay = 8.62> <FuncUnit> <Opcode : 'ddiv' 'drem'> <InPorts = 2> <OutPorts = 1>
ST_31 : Operation 191 [28/31] (8.62ns)   --->   "%tmp_7_1 = fdiv double %tmp_5_1, %tmp_6_1" [LSTM/rnn.cpp:94]   --->   Operation 191 'ddiv' 'tmp_7_1' <Predicate = (!icmp_ln90)> <Delay = 8.62> <Core = "DDiv">   --->   Core 117 'DDiv' <Latency = 30> <II = 1> <Delay = 8.62> <FuncUnit> <Opcode : 'ddiv' 'drem'> <InPorts = 2> <OutPorts = 1>

State 32 <SV = 31> <Delay = 8.62>
ST_32 : Operation 192 [27/31] (8.62ns)   --->   "%tmp_7 = fdiv double %tmp_5, %tmp_6" [LSTM/rnn.cpp:94]   --->   Operation 192 'ddiv' 'tmp_7' <Predicate = (!icmp_ln90)> <Delay = 8.62> <Core = "DDiv">   --->   Core 117 'DDiv' <Latency = 30> <II = 1> <Delay = 8.62> <FuncUnit> <Opcode : 'ddiv' 'drem'> <InPorts = 2> <OutPorts = 1>
ST_32 : Operation 193 [27/31] (8.62ns)   --->   "%tmp_7_1 = fdiv double %tmp_5_1, %tmp_6_1" [LSTM/rnn.cpp:94]   --->   Operation 193 'ddiv' 'tmp_7_1' <Predicate = (!icmp_ln90)> <Delay = 8.62> <Core = "DDiv">   --->   Core 117 'DDiv' <Latency = 30> <II = 1> <Delay = 8.62> <FuncUnit> <Opcode : 'ddiv' 'drem'> <InPorts = 2> <OutPorts = 1>

State 33 <SV = 32> <Delay = 8.62>
ST_33 : Operation 194 [26/31] (8.62ns)   --->   "%tmp_7 = fdiv double %tmp_5, %tmp_6" [LSTM/rnn.cpp:94]   --->   Operation 194 'ddiv' 'tmp_7' <Predicate = (!icmp_ln90)> <Delay = 8.62> <Core = "DDiv">   --->   Core 117 'DDiv' <Latency = 30> <II = 1> <Delay = 8.62> <FuncUnit> <Opcode : 'ddiv' 'drem'> <InPorts = 2> <OutPorts = 1>
ST_33 : Operation 195 [26/31] (8.62ns)   --->   "%tmp_7_1 = fdiv double %tmp_5_1, %tmp_6_1" [LSTM/rnn.cpp:94]   --->   Operation 195 'ddiv' 'tmp_7_1' <Predicate = (!icmp_ln90)> <Delay = 8.62> <Core = "DDiv">   --->   Core 117 'DDiv' <Latency = 30> <II = 1> <Delay = 8.62> <FuncUnit> <Opcode : 'ddiv' 'drem'> <InPorts = 2> <OutPorts = 1>

State 34 <SV = 33> <Delay = 8.62>
ST_34 : Operation 196 [25/31] (8.62ns)   --->   "%tmp_7 = fdiv double %tmp_5, %tmp_6" [LSTM/rnn.cpp:94]   --->   Operation 196 'ddiv' 'tmp_7' <Predicate = (!icmp_ln90)> <Delay = 8.62> <Core = "DDiv">   --->   Core 117 'DDiv' <Latency = 30> <II = 1> <Delay = 8.62> <FuncUnit> <Opcode : 'ddiv' 'drem'> <InPorts = 2> <OutPorts = 1>
ST_34 : Operation 197 [25/31] (8.62ns)   --->   "%tmp_7_1 = fdiv double %tmp_5_1, %tmp_6_1" [LSTM/rnn.cpp:94]   --->   Operation 197 'ddiv' 'tmp_7_1' <Predicate = (!icmp_ln90)> <Delay = 8.62> <Core = "DDiv">   --->   Core 117 'DDiv' <Latency = 30> <II = 1> <Delay = 8.62> <FuncUnit> <Opcode : 'ddiv' 'drem'> <InPorts = 2> <OutPorts = 1>

State 35 <SV = 34> <Delay = 8.62>
ST_35 : Operation 198 [24/31] (8.62ns)   --->   "%tmp_7 = fdiv double %tmp_5, %tmp_6" [LSTM/rnn.cpp:94]   --->   Operation 198 'ddiv' 'tmp_7' <Predicate = (!icmp_ln90)> <Delay = 8.62> <Core = "DDiv">   --->   Core 117 'DDiv' <Latency = 30> <II = 1> <Delay = 8.62> <FuncUnit> <Opcode : 'ddiv' 'drem'> <InPorts = 2> <OutPorts = 1>
ST_35 : Operation 199 [24/31] (8.62ns)   --->   "%tmp_7_1 = fdiv double %tmp_5_1, %tmp_6_1" [LSTM/rnn.cpp:94]   --->   Operation 199 'ddiv' 'tmp_7_1' <Predicate = (!icmp_ln90)> <Delay = 8.62> <Core = "DDiv">   --->   Core 117 'DDiv' <Latency = 30> <II = 1> <Delay = 8.62> <FuncUnit> <Opcode : 'ddiv' 'drem'> <InPorts = 2> <OutPorts = 1>

State 36 <SV = 35> <Delay = 8.62>
ST_36 : Operation 200 [23/31] (8.62ns)   --->   "%tmp_7 = fdiv double %tmp_5, %tmp_6" [LSTM/rnn.cpp:94]   --->   Operation 200 'ddiv' 'tmp_7' <Predicate = (!icmp_ln90)> <Delay = 8.62> <Core = "DDiv">   --->   Core 117 'DDiv' <Latency = 30> <II = 1> <Delay = 8.62> <FuncUnit> <Opcode : 'ddiv' 'drem'> <InPorts = 2> <OutPorts = 1>
ST_36 : Operation 201 [23/31] (8.62ns)   --->   "%tmp_7_1 = fdiv double %tmp_5_1, %tmp_6_1" [LSTM/rnn.cpp:94]   --->   Operation 201 'ddiv' 'tmp_7_1' <Predicate = (!icmp_ln90)> <Delay = 8.62> <Core = "DDiv">   --->   Core 117 'DDiv' <Latency = 30> <II = 1> <Delay = 8.62> <FuncUnit> <Opcode : 'ddiv' 'drem'> <InPorts = 2> <OutPorts = 1>

State 37 <SV = 36> <Delay = 8.62>
ST_37 : Operation 202 [22/31] (8.62ns)   --->   "%tmp_7 = fdiv double %tmp_5, %tmp_6" [LSTM/rnn.cpp:94]   --->   Operation 202 'ddiv' 'tmp_7' <Predicate = (!icmp_ln90)> <Delay = 8.62> <Core = "DDiv">   --->   Core 117 'DDiv' <Latency = 30> <II = 1> <Delay = 8.62> <FuncUnit> <Opcode : 'ddiv' 'drem'> <InPorts = 2> <OutPorts = 1>
ST_37 : Operation 203 [22/31] (8.62ns)   --->   "%tmp_7_1 = fdiv double %tmp_5_1, %tmp_6_1" [LSTM/rnn.cpp:94]   --->   Operation 203 'ddiv' 'tmp_7_1' <Predicate = (!icmp_ln90)> <Delay = 8.62> <Core = "DDiv">   --->   Core 117 'DDiv' <Latency = 30> <II = 1> <Delay = 8.62> <FuncUnit> <Opcode : 'ddiv' 'drem'> <InPorts = 2> <OutPorts = 1>

State 38 <SV = 37> <Delay = 8.62>
ST_38 : Operation 204 [21/31] (8.62ns)   --->   "%tmp_7 = fdiv double %tmp_5, %tmp_6" [LSTM/rnn.cpp:94]   --->   Operation 204 'ddiv' 'tmp_7' <Predicate = (!icmp_ln90)> <Delay = 8.62> <Core = "DDiv">   --->   Core 117 'DDiv' <Latency = 30> <II = 1> <Delay = 8.62> <FuncUnit> <Opcode : 'ddiv' 'drem'> <InPorts = 2> <OutPorts = 1>
ST_38 : Operation 205 [21/31] (8.62ns)   --->   "%tmp_7_1 = fdiv double %tmp_5_1, %tmp_6_1" [LSTM/rnn.cpp:94]   --->   Operation 205 'ddiv' 'tmp_7_1' <Predicate = (!icmp_ln90)> <Delay = 8.62> <Core = "DDiv">   --->   Core 117 'DDiv' <Latency = 30> <II = 1> <Delay = 8.62> <FuncUnit> <Opcode : 'ddiv' 'drem'> <InPorts = 2> <OutPorts = 1>

State 39 <SV = 38> <Delay = 8.62>
ST_39 : Operation 206 [20/31] (8.62ns)   --->   "%tmp_7 = fdiv double %tmp_5, %tmp_6" [LSTM/rnn.cpp:94]   --->   Operation 206 'ddiv' 'tmp_7' <Predicate = (!icmp_ln90)> <Delay = 8.62> <Core = "DDiv">   --->   Core 117 'DDiv' <Latency = 30> <II = 1> <Delay = 8.62> <FuncUnit> <Opcode : 'ddiv' 'drem'> <InPorts = 2> <OutPorts = 1>
ST_39 : Operation 207 [20/31] (8.62ns)   --->   "%tmp_7_1 = fdiv double %tmp_5_1, %tmp_6_1" [LSTM/rnn.cpp:94]   --->   Operation 207 'ddiv' 'tmp_7_1' <Predicate = (!icmp_ln90)> <Delay = 8.62> <Core = "DDiv">   --->   Core 117 'DDiv' <Latency = 30> <II = 1> <Delay = 8.62> <FuncUnit> <Opcode : 'ddiv' 'drem'> <InPorts = 2> <OutPorts = 1>

State 40 <SV = 39> <Delay = 8.62>
ST_40 : Operation 208 [19/31] (8.62ns)   --->   "%tmp_7 = fdiv double %tmp_5, %tmp_6" [LSTM/rnn.cpp:94]   --->   Operation 208 'ddiv' 'tmp_7' <Predicate = (!icmp_ln90)> <Delay = 8.62> <Core = "DDiv">   --->   Core 117 'DDiv' <Latency = 30> <II = 1> <Delay = 8.62> <FuncUnit> <Opcode : 'ddiv' 'drem'> <InPorts = 2> <OutPorts = 1>
ST_40 : Operation 209 [19/31] (8.62ns)   --->   "%tmp_7_1 = fdiv double %tmp_5_1, %tmp_6_1" [LSTM/rnn.cpp:94]   --->   Operation 209 'ddiv' 'tmp_7_1' <Predicate = (!icmp_ln90)> <Delay = 8.62> <Core = "DDiv">   --->   Core 117 'DDiv' <Latency = 30> <II = 1> <Delay = 8.62> <FuncUnit> <Opcode : 'ddiv' 'drem'> <InPorts = 2> <OutPorts = 1>

State 41 <SV = 40> <Delay = 8.62>
ST_41 : Operation 210 [18/31] (8.62ns)   --->   "%tmp_7 = fdiv double %tmp_5, %tmp_6" [LSTM/rnn.cpp:94]   --->   Operation 210 'ddiv' 'tmp_7' <Predicate = (!icmp_ln90)> <Delay = 8.62> <Core = "DDiv">   --->   Core 117 'DDiv' <Latency = 30> <II = 1> <Delay = 8.62> <FuncUnit> <Opcode : 'ddiv' 'drem'> <InPorts = 2> <OutPorts = 1>
ST_41 : Operation 211 [18/31] (8.62ns)   --->   "%tmp_7_1 = fdiv double %tmp_5_1, %tmp_6_1" [LSTM/rnn.cpp:94]   --->   Operation 211 'ddiv' 'tmp_7_1' <Predicate = (!icmp_ln90)> <Delay = 8.62> <Core = "DDiv">   --->   Core 117 'DDiv' <Latency = 30> <II = 1> <Delay = 8.62> <FuncUnit> <Opcode : 'ddiv' 'drem'> <InPorts = 2> <OutPorts = 1>

State 42 <SV = 41> <Delay = 8.62>
ST_42 : Operation 212 [17/31] (8.62ns)   --->   "%tmp_7 = fdiv double %tmp_5, %tmp_6" [LSTM/rnn.cpp:94]   --->   Operation 212 'ddiv' 'tmp_7' <Predicate = (!icmp_ln90)> <Delay = 8.62> <Core = "DDiv">   --->   Core 117 'DDiv' <Latency = 30> <II = 1> <Delay = 8.62> <FuncUnit> <Opcode : 'ddiv' 'drem'> <InPorts = 2> <OutPorts = 1>
ST_42 : Operation 213 [17/31] (8.62ns)   --->   "%tmp_7_1 = fdiv double %tmp_5_1, %tmp_6_1" [LSTM/rnn.cpp:94]   --->   Operation 213 'ddiv' 'tmp_7_1' <Predicate = (!icmp_ln90)> <Delay = 8.62> <Core = "DDiv">   --->   Core 117 'DDiv' <Latency = 30> <II = 1> <Delay = 8.62> <FuncUnit> <Opcode : 'ddiv' 'drem'> <InPorts = 2> <OutPorts = 1>

State 43 <SV = 42> <Delay = 8.62>
ST_43 : Operation 214 [16/31] (8.62ns)   --->   "%tmp_7 = fdiv double %tmp_5, %tmp_6" [LSTM/rnn.cpp:94]   --->   Operation 214 'ddiv' 'tmp_7' <Predicate = (!icmp_ln90)> <Delay = 8.62> <Core = "DDiv">   --->   Core 117 'DDiv' <Latency = 30> <II = 1> <Delay = 8.62> <FuncUnit> <Opcode : 'ddiv' 'drem'> <InPorts = 2> <OutPorts = 1>
ST_43 : Operation 215 [16/31] (8.62ns)   --->   "%tmp_7_1 = fdiv double %tmp_5_1, %tmp_6_1" [LSTM/rnn.cpp:94]   --->   Operation 215 'ddiv' 'tmp_7_1' <Predicate = (!icmp_ln90)> <Delay = 8.62> <Core = "DDiv">   --->   Core 117 'DDiv' <Latency = 30> <II = 1> <Delay = 8.62> <FuncUnit> <Opcode : 'ddiv' 'drem'> <InPorts = 2> <OutPorts = 1>

State 44 <SV = 43> <Delay = 8.62>
ST_44 : Operation 216 [15/31] (8.62ns)   --->   "%tmp_7 = fdiv double %tmp_5, %tmp_6" [LSTM/rnn.cpp:94]   --->   Operation 216 'ddiv' 'tmp_7' <Predicate = (!icmp_ln90)> <Delay = 8.62> <Core = "DDiv">   --->   Core 117 'DDiv' <Latency = 30> <II = 1> <Delay = 8.62> <FuncUnit> <Opcode : 'ddiv' 'drem'> <InPorts = 2> <OutPorts = 1>
ST_44 : Operation 217 [15/31] (8.62ns)   --->   "%tmp_7_1 = fdiv double %tmp_5_1, %tmp_6_1" [LSTM/rnn.cpp:94]   --->   Operation 217 'ddiv' 'tmp_7_1' <Predicate = (!icmp_ln90)> <Delay = 8.62> <Core = "DDiv">   --->   Core 117 'DDiv' <Latency = 30> <II = 1> <Delay = 8.62> <FuncUnit> <Opcode : 'ddiv' 'drem'> <InPorts = 2> <OutPorts = 1>

State 45 <SV = 44> <Delay = 8.62>
ST_45 : Operation 218 [14/31] (8.62ns)   --->   "%tmp_7 = fdiv double %tmp_5, %tmp_6" [LSTM/rnn.cpp:94]   --->   Operation 218 'ddiv' 'tmp_7' <Predicate = (!icmp_ln90)> <Delay = 8.62> <Core = "DDiv">   --->   Core 117 'DDiv' <Latency = 30> <II = 1> <Delay = 8.62> <FuncUnit> <Opcode : 'ddiv' 'drem'> <InPorts = 2> <OutPorts = 1>
ST_45 : Operation 219 [14/31] (8.62ns)   --->   "%tmp_7_1 = fdiv double %tmp_5_1, %tmp_6_1" [LSTM/rnn.cpp:94]   --->   Operation 219 'ddiv' 'tmp_7_1' <Predicate = (!icmp_ln90)> <Delay = 8.62> <Core = "DDiv">   --->   Core 117 'DDiv' <Latency = 30> <II = 1> <Delay = 8.62> <FuncUnit> <Opcode : 'ddiv' 'drem'> <InPorts = 2> <OutPorts = 1>

State 46 <SV = 45> <Delay = 8.62>
ST_46 : Operation 220 [13/31] (8.62ns)   --->   "%tmp_7 = fdiv double %tmp_5, %tmp_6" [LSTM/rnn.cpp:94]   --->   Operation 220 'ddiv' 'tmp_7' <Predicate = (!icmp_ln90)> <Delay = 8.62> <Core = "DDiv">   --->   Core 117 'DDiv' <Latency = 30> <II = 1> <Delay = 8.62> <FuncUnit> <Opcode : 'ddiv' 'drem'> <InPorts = 2> <OutPorts = 1>
ST_46 : Operation 221 [13/31] (8.62ns)   --->   "%tmp_7_1 = fdiv double %tmp_5_1, %tmp_6_1" [LSTM/rnn.cpp:94]   --->   Operation 221 'ddiv' 'tmp_7_1' <Predicate = (!icmp_ln90)> <Delay = 8.62> <Core = "DDiv">   --->   Core 117 'DDiv' <Latency = 30> <II = 1> <Delay = 8.62> <FuncUnit> <Opcode : 'ddiv' 'drem'> <InPorts = 2> <OutPorts = 1>

State 47 <SV = 46> <Delay = 8.62>
ST_47 : Operation 222 [12/31] (8.62ns)   --->   "%tmp_7 = fdiv double %tmp_5, %tmp_6" [LSTM/rnn.cpp:94]   --->   Operation 222 'ddiv' 'tmp_7' <Predicate = (!icmp_ln90)> <Delay = 8.62> <Core = "DDiv">   --->   Core 117 'DDiv' <Latency = 30> <II = 1> <Delay = 8.62> <FuncUnit> <Opcode : 'ddiv' 'drem'> <InPorts = 2> <OutPorts = 1>
ST_47 : Operation 223 [12/31] (8.62ns)   --->   "%tmp_7_1 = fdiv double %tmp_5_1, %tmp_6_1" [LSTM/rnn.cpp:94]   --->   Operation 223 'ddiv' 'tmp_7_1' <Predicate = (!icmp_ln90)> <Delay = 8.62> <Core = "DDiv">   --->   Core 117 'DDiv' <Latency = 30> <II = 1> <Delay = 8.62> <FuncUnit> <Opcode : 'ddiv' 'drem'> <InPorts = 2> <OutPorts = 1>

State 48 <SV = 47> <Delay = 8.62>
ST_48 : Operation 224 [11/31] (8.62ns)   --->   "%tmp_7 = fdiv double %tmp_5, %tmp_6" [LSTM/rnn.cpp:94]   --->   Operation 224 'ddiv' 'tmp_7' <Predicate = (!icmp_ln90)> <Delay = 8.62> <Core = "DDiv">   --->   Core 117 'DDiv' <Latency = 30> <II = 1> <Delay = 8.62> <FuncUnit> <Opcode : 'ddiv' 'drem'> <InPorts = 2> <OutPorts = 1>
ST_48 : Operation 225 [11/31] (8.62ns)   --->   "%tmp_7_1 = fdiv double %tmp_5_1, %tmp_6_1" [LSTM/rnn.cpp:94]   --->   Operation 225 'ddiv' 'tmp_7_1' <Predicate = (!icmp_ln90)> <Delay = 8.62> <Core = "DDiv">   --->   Core 117 'DDiv' <Latency = 30> <II = 1> <Delay = 8.62> <FuncUnit> <Opcode : 'ddiv' 'drem'> <InPorts = 2> <OutPorts = 1>

State 49 <SV = 48> <Delay = 8.62>
ST_49 : Operation 226 [10/31] (8.62ns)   --->   "%tmp_7 = fdiv double %tmp_5, %tmp_6" [LSTM/rnn.cpp:94]   --->   Operation 226 'ddiv' 'tmp_7' <Predicate = (!icmp_ln90)> <Delay = 8.62> <Core = "DDiv">   --->   Core 117 'DDiv' <Latency = 30> <II = 1> <Delay = 8.62> <FuncUnit> <Opcode : 'ddiv' 'drem'> <InPorts = 2> <OutPorts = 1>
ST_49 : Operation 227 [10/31] (8.62ns)   --->   "%tmp_7_1 = fdiv double %tmp_5_1, %tmp_6_1" [LSTM/rnn.cpp:94]   --->   Operation 227 'ddiv' 'tmp_7_1' <Predicate = (!icmp_ln90)> <Delay = 8.62> <Core = "DDiv">   --->   Core 117 'DDiv' <Latency = 30> <II = 1> <Delay = 8.62> <FuncUnit> <Opcode : 'ddiv' 'drem'> <InPorts = 2> <OutPorts = 1>

State 50 <SV = 49> <Delay = 8.62>
ST_50 : Operation 228 [9/31] (8.62ns)   --->   "%tmp_7 = fdiv double %tmp_5, %tmp_6" [LSTM/rnn.cpp:94]   --->   Operation 228 'ddiv' 'tmp_7' <Predicate = (!icmp_ln90)> <Delay = 8.62> <Core = "DDiv">   --->   Core 117 'DDiv' <Latency = 30> <II = 1> <Delay = 8.62> <FuncUnit> <Opcode : 'ddiv' 'drem'> <InPorts = 2> <OutPorts = 1>
ST_50 : Operation 229 [9/31] (8.62ns)   --->   "%tmp_7_1 = fdiv double %tmp_5_1, %tmp_6_1" [LSTM/rnn.cpp:94]   --->   Operation 229 'ddiv' 'tmp_7_1' <Predicate = (!icmp_ln90)> <Delay = 8.62> <Core = "DDiv">   --->   Core 117 'DDiv' <Latency = 30> <II = 1> <Delay = 8.62> <FuncUnit> <Opcode : 'ddiv' 'drem'> <InPorts = 2> <OutPorts = 1>

State 51 <SV = 50> <Delay = 8.62>
ST_51 : Operation 230 [8/31] (8.62ns)   --->   "%tmp_7 = fdiv double %tmp_5, %tmp_6" [LSTM/rnn.cpp:94]   --->   Operation 230 'ddiv' 'tmp_7' <Predicate = (!icmp_ln90)> <Delay = 8.62> <Core = "DDiv">   --->   Core 117 'DDiv' <Latency = 30> <II = 1> <Delay = 8.62> <FuncUnit> <Opcode : 'ddiv' 'drem'> <InPorts = 2> <OutPorts = 1>
ST_51 : Operation 231 [8/31] (8.62ns)   --->   "%tmp_7_1 = fdiv double %tmp_5_1, %tmp_6_1" [LSTM/rnn.cpp:94]   --->   Operation 231 'ddiv' 'tmp_7_1' <Predicate = (!icmp_ln90)> <Delay = 8.62> <Core = "DDiv">   --->   Core 117 'DDiv' <Latency = 30> <II = 1> <Delay = 8.62> <FuncUnit> <Opcode : 'ddiv' 'drem'> <InPorts = 2> <OutPorts = 1>

State 52 <SV = 51> <Delay = 8.62>
ST_52 : Operation 232 [7/31] (8.62ns)   --->   "%tmp_7 = fdiv double %tmp_5, %tmp_6" [LSTM/rnn.cpp:94]   --->   Operation 232 'ddiv' 'tmp_7' <Predicate = (!icmp_ln90)> <Delay = 8.62> <Core = "DDiv">   --->   Core 117 'DDiv' <Latency = 30> <II = 1> <Delay = 8.62> <FuncUnit> <Opcode : 'ddiv' 'drem'> <InPorts = 2> <OutPorts = 1>
ST_52 : Operation 233 [7/31] (8.62ns)   --->   "%tmp_7_1 = fdiv double %tmp_5_1, %tmp_6_1" [LSTM/rnn.cpp:94]   --->   Operation 233 'ddiv' 'tmp_7_1' <Predicate = (!icmp_ln90)> <Delay = 8.62> <Core = "DDiv">   --->   Core 117 'DDiv' <Latency = 30> <II = 1> <Delay = 8.62> <FuncUnit> <Opcode : 'ddiv' 'drem'> <InPorts = 2> <OutPorts = 1>

State 53 <SV = 52> <Delay = 8.62>
ST_53 : Operation 234 [6/31] (8.62ns)   --->   "%tmp_7 = fdiv double %tmp_5, %tmp_6" [LSTM/rnn.cpp:94]   --->   Operation 234 'ddiv' 'tmp_7' <Predicate = (!icmp_ln90)> <Delay = 8.62> <Core = "DDiv">   --->   Core 117 'DDiv' <Latency = 30> <II = 1> <Delay = 8.62> <FuncUnit> <Opcode : 'ddiv' 'drem'> <InPorts = 2> <OutPorts = 1>
ST_53 : Operation 235 [6/31] (8.62ns)   --->   "%tmp_7_1 = fdiv double %tmp_5_1, %tmp_6_1" [LSTM/rnn.cpp:94]   --->   Operation 235 'ddiv' 'tmp_7_1' <Predicate = (!icmp_ln90)> <Delay = 8.62> <Core = "DDiv">   --->   Core 117 'DDiv' <Latency = 30> <II = 1> <Delay = 8.62> <FuncUnit> <Opcode : 'ddiv' 'drem'> <InPorts = 2> <OutPorts = 1>

State 54 <SV = 53> <Delay = 8.62>
ST_54 : Operation 236 [5/31] (8.62ns)   --->   "%tmp_7 = fdiv double %tmp_5, %tmp_6" [LSTM/rnn.cpp:94]   --->   Operation 236 'ddiv' 'tmp_7' <Predicate = (!icmp_ln90)> <Delay = 8.62> <Core = "DDiv">   --->   Core 117 'DDiv' <Latency = 30> <II = 1> <Delay = 8.62> <FuncUnit> <Opcode : 'ddiv' 'drem'> <InPorts = 2> <OutPorts = 1>
ST_54 : Operation 237 [5/31] (8.62ns)   --->   "%tmp_7_1 = fdiv double %tmp_5_1, %tmp_6_1" [LSTM/rnn.cpp:94]   --->   Operation 237 'ddiv' 'tmp_7_1' <Predicate = (!icmp_ln90)> <Delay = 8.62> <Core = "DDiv">   --->   Core 117 'DDiv' <Latency = 30> <II = 1> <Delay = 8.62> <FuncUnit> <Opcode : 'ddiv' 'drem'> <InPorts = 2> <OutPorts = 1>

State 55 <SV = 54> <Delay = 8.62>
ST_55 : Operation 238 [4/31] (8.62ns)   --->   "%tmp_7 = fdiv double %tmp_5, %tmp_6" [LSTM/rnn.cpp:94]   --->   Operation 238 'ddiv' 'tmp_7' <Predicate = (!icmp_ln90)> <Delay = 8.62> <Core = "DDiv">   --->   Core 117 'DDiv' <Latency = 30> <II = 1> <Delay = 8.62> <FuncUnit> <Opcode : 'ddiv' 'drem'> <InPorts = 2> <OutPorts = 1>
ST_55 : Operation 239 [4/31] (8.62ns)   --->   "%tmp_7_1 = fdiv double %tmp_5_1, %tmp_6_1" [LSTM/rnn.cpp:94]   --->   Operation 239 'ddiv' 'tmp_7_1' <Predicate = (!icmp_ln90)> <Delay = 8.62> <Core = "DDiv">   --->   Core 117 'DDiv' <Latency = 30> <II = 1> <Delay = 8.62> <FuncUnit> <Opcode : 'ddiv' 'drem'> <InPorts = 2> <OutPorts = 1>

State 56 <SV = 55> <Delay = 8.62>
ST_56 : Operation 240 [3/31] (8.62ns)   --->   "%tmp_7 = fdiv double %tmp_5, %tmp_6" [LSTM/rnn.cpp:94]   --->   Operation 240 'ddiv' 'tmp_7' <Predicate = (!icmp_ln90)> <Delay = 8.62> <Core = "DDiv">   --->   Core 117 'DDiv' <Latency = 30> <II = 1> <Delay = 8.62> <FuncUnit> <Opcode : 'ddiv' 'drem'> <InPorts = 2> <OutPorts = 1>
ST_56 : Operation 241 [3/31] (8.62ns)   --->   "%tmp_7_1 = fdiv double %tmp_5_1, %tmp_6_1" [LSTM/rnn.cpp:94]   --->   Operation 241 'ddiv' 'tmp_7_1' <Predicate = (!icmp_ln90)> <Delay = 8.62> <Core = "DDiv">   --->   Core 117 'DDiv' <Latency = 30> <II = 1> <Delay = 8.62> <FuncUnit> <Opcode : 'ddiv' 'drem'> <InPorts = 2> <OutPorts = 1>

State 57 <SV = 56> <Delay = 8.62>
ST_57 : Operation 242 [2/31] (8.62ns)   --->   "%tmp_7 = fdiv double %tmp_5, %tmp_6" [LSTM/rnn.cpp:94]   --->   Operation 242 'ddiv' 'tmp_7' <Predicate = (!icmp_ln90)> <Delay = 8.62> <Core = "DDiv">   --->   Core 117 'DDiv' <Latency = 30> <II = 1> <Delay = 8.62> <FuncUnit> <Opcode : 'ddiv' 'drem'> <InPorts = 2> <OutPorts = 1>
ST_57 : Operation 243 [2/31] (8.62ns)   --->   "%tmp_7_1 = fdiv double %tmp_5_1, %tmp_6_1" [LSTM/rnn.cpp:94]   --->   Operation 243 'ddiv' 'tmp_7_1' <Predicate = (!icmp_ln90)> <Delay = 8.62> <Core = "DDiv">   --->   Core 117 'DDiv' <Latency = 30> <II = 1> <Delay = 8.62> <FuncUnit> <Opcode : 'ddiv' 'drem'> <InPorts = 2> <OutPorts = 1>

State 58 <SV = 57> <Delay = 8.62>
ST_58 : Operation 244 [1/31] (8.62ns)   --->   "%tmp_7 = fdiv double %tmp_5, %tmp_6" [LSTM/rnn.cpp:94]   --->   Operation 244 'ddiv' 'tmp_7' <Predicate = (!icmp_ln90)> <Delay = 8.62> <Core = "DDiv">   --->   Core 117 'DDiv' <Latency = 30> <II = 1> <Delay = 8.62> <FuncUnit> <Opcode : 'ddiv' 'drem'> <InPorts = 2> <OutPorts = 1>
ST_58 : Operation 245 [1/31] (8.62ns)   --->   "%tmp_7_1 = fdiv double %tmp_5_1, %tmp_6_1" [LSTM/rnn.cpp:94]   --->   Operation 245 'ddiv' 'tmp_7_1' <Predicate = (!icmp_ln90)> <Delay = 8.62> <Core = "DDiv">   --->   Core 117 'DDiv' <Latency = 30> <II = 1> <Delay = 8.62> <FuncUnit> <Opcode : 'ddiv' 'drem'> <InPorts = 2> <OutPorts = 1>

State 59 <SV = 58> <Delay = 5.20>
ST_59 : Operation 246 [2/2] (5.20ns)   --->   "%tmp_8 = fptrunc double %tmp_7 to float" [LSTM/rnn.cpp:94]   --->   Operation 246 'fptrunc' 'tmp_8' <Predicate = (!icmp_ln90)> <Delay = 5.20> <Core = "Double2Float">   --->   Core 123 'Double2Float' <Latency = 1> <II = 1> <Delay = 5.20> <FuncUnit> <Opcode : 'fptrunc'> <InPorts = 1> <OutPorts = 1>
ST_59 : Operation 247 [2/2] (5.20ns)   --->   "%tmp_8_1 = fptrunc double %tmp_7_1 to float" [LSTM/rnn.cpp:94]   --->   Operation 247 'fptrunc' 'tmp_8_1' <Predicate = (!icmp_ln90)> <Delay = 5.20> <Core = "Double2Float">   --->   Core 123 'Double2Float' <Latency = 1> <II = 1> <Delay = 5.20> <FuncUnit> <Opcode : 'fptrunc'> <InPorts = 1> <OutPorts = 1>

State 60 <SV = 59> <Delay = 8.45>
ST_60 : Operation 248 [1/1] (0.00ns)   --->   "call void (...)* @_ssdm_op_SpecLoopName([7 x i8]* @p_str410) nounwind" [LSTM/rnn.cpp:91]   --->   Operation 248 'specloopname' <Predicate = (!icmp_ln90)> <Delay = 0.00>
ST_60 : Operation 249 [1/1] (0.00ns)   --->   "%tmp = call i32 (...)* @_ssdm_op_SpecRegionBegin([7 x i8]* @p_str410)" [LSTM/rnn.cpp:91]   --->   Operation 249 'specregionbegin' 'tmp' <Predicate = (!icmp_ln90)> <Delay = 0.00>
ST_60 : Operation 250 [1/1] (0.00ns)   --->   "call void (...)* @_ssdm_op_SpecPipeline(i32 -1, i32 1, i32 1, i32 0, [1 x i8]* @p_str28) nounwind" [LSTM/rnn.cpp:93]   --->   Operation 250 'specpipeline' <Predicate = (!icmp_ln90)> <Delay = 0.00>
ST_60 : Operation 251 [1/2] (5.20ns)   --->   "%tmp_8 = fptrunc double %tmp_7 to float" [LSTM/rnn.cpp:94]   --->   Operation 251 'fptrunc' 'tmp_8' <Predicate = (!icmp_ln90)> <Delay = 5.20> <Core = "Double2Float">   --->   Core 123 'Double2Float' <Latency = 1> <II = 1> <Delay = 5.20> <FuncUnit> <Opcode : 'fptrunc'> <InPorts = 1> <OutPorts = 1>
ST_60 : Operation 252 [1/1] (0.00ns)   --->   "%res_addr = getelementptr [64 x float]* %res, i64 0, i64 %zext_ln94" [LSTM/rnn.cpp:94]   --->   Operation 252 'getelementptr' 'res_addr' <Predicate = (!icmp_ln90)> <Delay = 0.00>
ST_60 : Operation 253 [1/1] (3.25ns)   --->   "store float %tmp_8, float* %res_addr, align 4" [LSTM/rnn.cpp:94]   --->   Operation 253 'store' <Predicate = (!icmp_ln90)> <Delay = 3.25> <Core = "RAM">   --->   Core 37 'RAM' <Latency = 1> <II = 1> <Delay = 3.25> <Storage> <Opcode : 'load' 'store'> <Ports = 2> <Width = 32> <Depth = 64> <RAM>
ST_60 : Operation 254 [1/1] (0.00ns)   --->   "%empty_4 = call i32 (...)* @_ssdm_op_SpecRegionEnd([7 x i8]* @p_str410, i32 %tmp)" [LSTM/rnn.cpp:95]   --->   Operation 254 'specregionend' 'empty_4' <Predicate = (!icmp_ln90)> <Delay = 0.00>
ST_60 : Operation 255 [1/2] (5.20ns)   --->   "%tmp_8_1 = fptrunc double %tmp_7_1 to float" [LSTM/rnn.cpp:94]   --->   Operation 255 'fptrunc' 'tmp_8_1' <Predicate = (!icmp_ln90)> <Delay = 5.20> <Core = "Double2Float">   --->   Core 123 'Double2Float' <Latency = 1> <II = 1> <Delay = 5.20> <FuncUnit> <Opcode : 'fptrunc'> <InPorts = 1> <OutPorts = 1>
ST_60 : Operation 256 [1/1] (0.00ns)   --->   "%res_addr_1 = getelementptr [64 x float]* %res, i64 0, i64 %zext_ln94_1" [LSTM/rnn.cpp:94]   --->   Operation 256 'getelementptr' 'res_addr_1' <Predicate = (!icmp_ln90)> <Delay = 0.00>
ST_60 : Operation 257 [1/1] (3.25ns)   --->   "store float %tmp_8_1, float* %res_addr_1, align 4" [LSTM/rnn.cpp:94]   --->   Operation 257 'store' <Predicate = (!icmp_ln90)> <Delay = 3.25> <Core = "RAM">   --->   Core 37 'RAM' <Latency = 1> <II = 1> <Delay = 3.25> <Storage> <Opcode : 'load' 'store'> <Ports = 2> <Width = 32> <Depth = 64> <RAM>
ST_60 : Operation 258 [1/1] (0.00ns)   --->   "br label %1" [LSTM/rnn.cpp:90]   --->   Operation 258 'br' <Predicate = (!icmp_ln90)> <Delay = 0.00>

State 61 <SV = 2> <Delay = 0.00>
ST_61 : Operation 259 [1/1] (0.00ns)   --->   "ret void" [LSTM/rnn.cpp:96]   --->   Operation 259 'ret' <Predicate = true> <Delay = 0.00>


============================================================
+ Verbose Summary: Timing violations
============================================================
Target clock period: 10ns, clock uncertainty: 1.25ns.

 <State 1>: 1.77ns
The critical path consists of the following:
	multiplexor before 'phi' operation ('i_0_0', LSTM/rnn.cpp:90) with incoming values : ('add_ln90', LSTM/rnn.cpp:90) [5]  (1.77 ns)

 <State 2>: 3.25ns
The critical path consists of the following:
	'phi' operation ('i_0_0', LSTM/rnn.cpp:90) with incoming values : ('add_ln90', LSTM/rnn.cpp:90) [5]  (0 ns)
	'getelementptr' operation ('a_addr', LSTM/rnn.cpp:94) [15]  (0 ns)
	'load' operation ('a_load', LSTM/rnn.cpp:94) on array 'a' [16]  (3.25 ns)

 <State 3>: 8.68ns
The critical path consists of the following:
	'load' operation ('a_load', LSTM/rnn.cpp:94) on array 'a' [16]  (3.25 ns)
	'xor' operation ('xor_ln94', LSTM/rnn.cpp:94) [20]  (0.993 ns)
	'fpext' operation ('tmp_3', LSTM/rnn.cpp:94) [22]  (4.44 ns)

 <State 4>: 4.44ns
The critical path consists of the following:
	'fpext' operation ('tmp1', LSTM/rnn.cpp:94) [17]  (4.44 ns)

 <State 5>: 7.32ns
The critical path consists of the following:
	'dexp' operation ('tmp_1', LSTM/rnn.cpp:94) [18]  (7.32 ns)

 <State 6>: 7.32ns
The critical path consists of the following:
	'dexp' operation ('tmp_1', LSTM/rnn.cpp:94) [18]  (7.32 ns)

 <State 7>: 7.32ns
The critical path consists of the following:
	'dexp' operation ('tmp_1', LSTM/rnn.cpp:94) [18]  (7.32 ns)

 <State 8>: 7.32ns
The critical path consists of the following:
	'dexp' operation ('tmp_1', LSTM/rnn.cpp:94) [18]  (7.32 ns)

 <State 9>: 7.32ns
The critical path consists of the following:
	'dexp' operation ('tmp_1', LSTM/rnn.cpp:94) [18]  (7.32 ns)

 <State 10>: 7.32ns
The critical path consists of the following:
	'dexp' operation ('tmp_1', LSTM/rnn.cpp:94) [18]  (7.32 ns)

 <State 11>: 7.32ns
The critical path consists of the following:
	'dexp' operation ('tmp_1', LSTM/rnn.cpp:94) [18]  (7.32 ns)

 <State 12>: 7.32ns
The critical path consists of the following:
	'dexp' operation ('tmp_1', LSTM/rnn.cpp:94) [18]  (7.32 ns)

 <State 13>: 7.32ns
The critical path consists of the following:
	'dexp' operation ('tmp_1', LSTM/rnn.cpp:94) [18]  (7.32 ns)

 <State 14>: 7.32ns
The critical path consists of the following:
	'dexp' operation ('tmp_1', LSTM/rnn.cpp:94) [18]  (7.32 ns)

 <State 15>: 7.32ns
The critical path consists of the following:
	'dexp' operation ('tmp_1', LSTM/rnn.cpp:94) [18]  (7.32 ns)

 <State 16>: 7.32ns
The critical path consists of the following:
	'dexp' operation ('tmp_1', LSTM/rnn.cpp:94) [18]  (7.32 ns)

 <State 17>: 7.32ns
The critical path consists of the following:
	'dexp' operation ('tmp_1', LSTM/rnn.cpp:94) [18]  (7.32 ns)

 <State 18>: 7.32ns
The critical path consists of the following:
	'dexp' operation ('tmp_1', LSTM/rnn.cpp:94) [18]  (7.32 ns)

 <State 19>: 7.32ns
The critical path consists of the following:
	'dexp' operation ('tmp_1', LSTM/rnn.cpp:94) [18]  (7.32 ns)

 <State 20>: 7.32ns
The critical path consists of the following:
	'dexp' operation ('tmp_1', LSTM/rnn.cpp:94) [18]  (7.32 ns)

 <State 21>: 7.32ns
The critical path consists of the following:
	'dexp' operation ('tmp_1', LSTM/rnn.cpp:94) [18]  (7.32 ns)

 <State 22>: 7.32ns
The critical path consists of the following:
	'dexp' operation ('tmp_1', LSTM/rnn.cpp:94) [18]  (7.32 ns)

 <State 23>: 8.23ns
The critical path consists of the following:
	'dsub' operation ('tmp_5', LSTM/rnn.cpp:94) [24]  (8.23 ns)

 <State 24>: 8.23ns
The critical path consists of the following:
	'dsub' operation ('tmp_5', LSTM/rnn.cpp:94) [24]  (8.23 ns)

 <State 25>: 8.23ns
The critical path consists of the following:
	'dsub' operation ('tmp_5', LSTM/rnn.cpp:94) [24]  (8.23 ns)

 <State 26>: 8.23ns
The critical path consists of the following:
	'dsub' operation ('tmp_5', LSTM/rnn.cpp:94) [24]  (8.23 ns)

 <State 27>: 8.23ns
The critical path consists of the following:
	'dsub' operation ('tmp_5', LSTM/rnn.cpp:94) [24]  (8.23 ns)

 <State 28>: 8.62ns
The critical path consists of the following:
	'ddiv' operation ('tmp_7', LSTM/rnn.cpp:94) [26]  (8.62 ns)

 <State 29>: 8.62ns
The critical path consists of the following:
	'ddiv' operation ('tmp_7', LSTM/rnn.cpp:94) [26]  (8.62 ns)

 <State 30>: 8.62ns
The critical path consists of the following:
	'ddiv' operation ('tmp_7', LSTM/rnn.cpp:94) [26]  (8.62 ns)

 <State 31>: 8.62ns
The critical path consists of the following:
	'ddiv' operation ('tmp_7', LSTM/rnn.cpp:94) [26]  (8.62 ns)

 <State 32>: 8.62ns
The critical path consists of the following:
	'ddiv' operation ('tmp_7', LSTM/rnn.cpp:94) [26]  (8.62 ns)

 <State 33>: 8.62ns
The critical path consists of the following:
	'ddiv' operation ('tmp_7', LSTM/rnn.cpp:94) [26]  (8.62 ns)

 <State 34>: 8.62ns
The critical path consists of the following:
	'ddiv' operation ('tmp_7', LSTM/rnn.cpp:94) [26]  (8.62 ns)

 <State 35>: 8.62ns
The critical path consists of the following:
	'ddiv' operation ('tmp_7', LSTM/rnn.cpp:94) [26]  (8.62 ns)

 <State 36>: 8.62ns
The critical path consists of the following:
	'ddiv' operation ('tmp_7', LSTM/rnn.cpp:94) [26]  (8.62 ns)

 <State 37>: 8.62ns
The critical path consists of the following:
	'ddiv' operation ('tmp_7', LSTM/rnn.cpp:94) [26]  (8.62 ns)

 <State 38>: 8.62ns
The critical path consists of the following:
	'ddiv' operation ('tmp_7', LSTM/rnn.cpp:94) [26]  (8.62 ns)

 <State 39>: 8.62ns
The critical path consists of the following:
	'ddiv' operation ('tmp_7', LSTM/rnn.cpp:94) [26]  (8.62 ns)

 <State 40>: 8.62ns
The critical path consists of the following:
	'ddiv' operation ('tmp_7', LSTM/rnn.cpp:94) [26]  (8.62 ns)

 <State 41>: 8.62ns
The critical path consists of the following:
	'ddiv' operation ('tmp_7', LSTM/rnn.cpp:94) [26]  (8.62 ns)

 <State 42>: 8.62ns
The critical path consists of the following:
	'ddiv' operation ('tmp_7', LSTM/rnn.cpp:94) [26]  (8.62 ns)

 <State 43>: 8.62ns
The critical path consists of the following:
	'ddiv' operation ('tmp_7', LSTM/rnn.cpp:94) [26]  (8.62 ns)

 <State 44>: 8.62ns
The critical path consists of the following:
	'ddiv' operation ('tmp_7', LSTM/rnn.cpp:94) [26]  (8.62 ns)

 <State 45>: 8.62ns
The critical path consists of the following:
	'ddiv' operation ('tmp_7', LSTM/rnn.cpp:94) [26]  (8.62 ns)

 <State 46>: 8.62ns
The critical path consists of the following:
	'ddiv' operation ('tmp_7', LSTM/rnn.cpp:94) [26]  (8.62 ns)

 <State 47>: 8.62ns
The critical path consists of the following:
	'ddiv' operation ('tmp_7', LSTM/rnn.cpp:94) [26]  (8.62 ns)

 <State 48>: 8.62ns
The critical path consists of the following:
	'ddiv' operation ('tmp_7', LSTM/rnn.cpp:94) [26]  (8.62 ns)

 <State 49>: 8.62ns
The critical path consists of the following:
	'ddiv' operation ('tmp_7', LSTM/rnn.cpp:94) [26]  (8.62 ns)

 <State 50>: 8.62ns
The critical path consists of the following:
	'ddiv' operation ('tmp_7', LSTM/rnn.cpp:94) [26]  (8.62 ns)

 <State 51>: 8.62ns
The critical path consists of the following:
	'ddiv' operation ('tmp_7', LSTM/rnn.cpp:94) [26]  (8.62 ns)

 <State 52>: 8.62ns
The critical path consists of the following:
	'ddiv' operation ('tmp_7', LSTM/rnn.cpp:94) [26]  (8.62 ns)

 <State 53>: 8.62ns
The critical path consists of the following:
	'ddiv' operation ('tmp_7', LSTM/rnn.cpp:94) [26]  (8.62 ns)

 <State 54>: 8.62ns
The critical path consists of the following:
	'ddiv' operation ('tmp_7', LSTM/rnn.cpp:94) [26]  (8.62 ns)

 <State 55>: 8.62ns
The critical path consists of the following:
	'ddiv' operation ('tmp_7', LSTM/rnn.cpp:94) [26]  (8.62 ns)

 <State 56>: 8.62ns
The critical path consists of the following:
	'ddiv' operation ('tmp_7', LSTM/rnn.cpp:94) [26]  (8.62 ns)

 <State 57>: 8.62ns
The critical path consists of the following:
	'ddiv' operation ('tmp_7', LSTM/rnn.cpp:94) [26]  (8.62 ns)

 <State 58>: 8.62ns
The critical path consists of the following:
	'ddiv' operation ('tmp_7', LSTM/rnn.cpp:94) [26]  (8.62 ns)

 <State 59>: 5.2ns
The critical path consists of the following:
	'fptrunc' operation ('tmp_8', LSTM/rnn.cpp:94) [27]  (5.2 ns)

 <State 60>: 8.46ns
The critical path consists of the following:
	'fptrunc' operation ('tmp_8', LSTM/rnn.cpp:94) [27]  (5.2 ns)
	'store' operation ('store_ln94', LSTM/rnn.cpp:94) of variable 'tmp_8', LSTM/rnn.cpp:94 on array 'res' [29]  (3.25 ns)

 <State 61>: 0ns
The critical path consists of the following:


============================================================
+ Verbose Summary: Binding
============================================================
N/A
* FSMD analyzer results:
  - Output states:
 - Input state : 
  - Chain level:
	State 1
	State 2
	State 3
	State 4
	State 5
	State 6
	State 7
	State 8
	State 9
	State 10
	State 11
	State 12
	State 13
	State 14
	State 15
	State 16
	State 17
	State 18
	State 19
	State 20
	State 21
	State 22
	State 23
	State 24
	State 25
	State 26
	State 27
	State 28
	State 29
	State 30
	State 31
	State 32
	State 33
	State 34
	State 35
	State 36
	State 37
	State 38
	State 39
	State 40
	State 41
	State 42
	State 43
	State 44
	State 45
	State 46
	State 47
	State 48
	State 49
	State 50
	State 51
	State 52
	State 53
	State 54
	State 55
	State 56
	State 57
	State 58
	State 59
	State 60
	State 61


============================================================
+ Verbose Summary: Datapath Resource usage 
============================================================
N/A
